ERROR - 2022-10-25 00:01:04 --> mysqli_sql_exception: Cannot delete or update a parent row: a foreign key constraint fails (`dbgudang`.`barang`, CONSTRAINT `barang_brgkatid_foreign` FOREIGN KEY (`brgkatid`) REFERENCES `kategori` (`katid`)) in C:\xampp\htdocs\projectweblanjut\vendor\codeigniter4\framework\system\Database\MySQLi\Connection.php:292
Stack trace:
#0 C:\xampp\htdocs\projectweblanjut\vendor\codeigniter4\framework\system\Database\MySQLi\Connection.php(292): mysqli->query('DELETE FROM `ka...', 0)
#1 C:\xampp\htdocs\projectweblanjut\vendor\codeigniter4\framework\system\Database\BaseConnection.php(693): CodeIgniter\Database\MySQLi\Connection->execute('DELETE FROM `ka...')
#2 C:\xampp\htdocs\projectweblanjut\vendor\codeigniter4\framework\system\Database\BaseConnection.php(620): CodeIgniter\Database\BaseConnection->simpleQuery('DELETE FROM `ka...')
#3 C:\xampp\htdocs\projectweblanjut\vendor\codeigniter4\framework\system\Database\BaseBuilder.php(2391): CodeIgniter\Database\BaseConnection->query('DELETE FROM `ka...', Array, false)
#4 C:\xampp\htdocs\projectweblanjut\vendor\codeigniter4\framework\system\Model.php(401): CodeIgniter\Database\BaseBuilder->delete()
#5 C:\xampp\htdocs\projectweblanjut\vendor\codeigniter4\framework\system\BaseModel.php(963): CodeIgniter\Model->doDelete(Array, false)
#6 C:\xampp\htdocs\projectweblanjut\app\Controllers\Kategori.php(133): CodeIgniter\BaseModel->delete(Array)
#7 C:\xampp\htdocs\projectweblanjut\vendor\codeigniter4\framework\system\CodeIgniter.php(907): App\Controllers\Kategori->hapus('4')
#8 C:\xampp\htdocs\projectweblanjut\vendor\codeigniter4\framework\system\CodeIgniter.php(457): CodeIgniter\CodeIgniter->runController(Object(App\Controllers\Kategori))
#9 C:\xampp\htdocs\projectweblanjut\vendor\codeigniter4\framework\system\CodeIgniter.php(340): CodeIgniter\CodeIgniter->handleRequest(NULL, Object(Config\Cache), false)
#10 C:\xampp\htdocs\projectweblanjut\public\index.php(67): CodeIgniter\CodeIgniter->run()
#11 C:\xampp\htdocs\projectweblanjut\vendor\codeigniter4\framework\system\Commands\Server\rewrite.php(43): require_once('C:\\xampp\\htdocs...')
#12 {main}
CRITICAL - 2022-10-25 00:01:04 --> Cannot delete or update a parent row: a foreign key constraint fails (`dbgudang`.`barang`, CONSTRAINT `barang_brgkatid_foreign` FOREIGN KEY (`brgkatid`) REFERENCES `kategori` (`katid`))
in SYSTEMPATH\Database\MySQLi\Connection.php on line 292.
 1 SYSTEMPATH\Database\MySQLi\Connection.php(292): mysqli->query('DELETE FROM `kategori`
WHERE `katid` IN (\'4\')', 0)
 2 SYSTEMPATH\Database\BaseConnection.php(693): CodeIgniter\Database\MySQLi\Connection->execute('DELETE FROM `kategori`
WHERE `katid` IN (\'4\')')
 3 SYSTEMPATH\Database\BaseConnection.php(620): CodeIgniter\Database\BaseConnection->simpleQuery('DELETE FROM `kategori`
WHERE `katid` IN (\'4\')')
 4 SYSTEMPATH\Database\BaseBuilder.php(2391): CodeIgniter\Database\BaseConnection->query('DELETE FROM `kategori`
WHERE `katid` IN :katid:', [...], false)
 5 SYSTEMPATH\Model.php(401): CodeIgniter\Database\BaseBuilder->delete()
 6 SYSTEMPATH\BaseModel.php(963): CodeIgniter\Model->doDelete([...], false)
 7 APPPATH\Controllers\Kategori.php(133): CodeIgniter\BaseModel->delete([...])
 8 SYSTEMPATH\CodeIgniter.php(907): App\Controllers\Kategori->hapus('4')
 9 SYSTEMPATH\CodeIgniter.php(457): CodeIgniter\CodeIgniter->runController(Object(App\Controllers\Kategori))
10 SYSTEMPATH\CodeIgniter.php(340): CodeIgniter\CodeIgniter->handleRequest(null, Object(Config\Cache), false)
11 FCPATH\index.php(67): CodeIgniter\CodeIgniter->run()
12 SYSTEMPATH\Commands\Server\rewrite.php(43): require_once('FCPATH\\index.php')
ERROR - 2022-10-25 00:01:16 --> mysqli_sql_exception: Unknown column 'barang.id' in 'where clause' in C:\xampp\htdocs\projectweblanjut\vendor\codeigniter4\framework\system\Database\MySQLi\Connection.php:292
Stack trace:
#0 C:\xampp\htdocs\projectweblanjut\vendor\codeigniter4\framework\system\Database\MySQLi\Connection.php(292): mysqli->query('SELECT *\nFROM `...', 0)
#1 C:\xampp\htdocs\projectweblanjut\vendor\codeigniter4\framework\system\Database\BaseConnection.php(693): CodeIgniter\Database\MySQLi\Connection->execute('SELECT *\nFROM `...')
#2 C:\xampp\htdocs\projectweblanjut\vendor\codeigniter4\framework\system\Database\BaseConnection.php(620): CodeIgniter\Database\BaseConnection->simpleQuery('SELECT *\nFROM `...')
#3 C:\xampp\htdocs\projectweblanjut\vendor\codeigniter4\framework\system\Database\BaseBuilder.php(1585): CodeIgniter\Database\BaseConnection->query('SELECT *\nFROM `...', Array, false)
#4 C:\xampp\htdocs\projectweblanjut\vendor\codeigniter4\framework\system\Model.php(182): CodeIgniter\Database\BaseBuilder->get()
#5 C:\xampp\htdocs\projectweblanjut\vendor\codeigniter4\framework\system\BaseModel.php(523): CodeIgniter\Model->doFind(true, '3')
#6 C:\xampp\htdocs\projectweblanjut\app\Controllers\Barang.php(137): CodeIgniter\BaseModel->find('3')
#7 C:\xampp\htdocs\projectweblanjut\vendor\codeigniter4\framework\system\CodeIgniter.php(907): App\Controllers\Barang->edit('3')
#8 C:\xampp\htdocs\projectweblanjut\vendor\codeigniter4\framework\system\CodeIgniter.php(457): CodeIgniter\CodeIgniter->runController(Object(App\Controllers\Barang))
#9 C:\xampp\htdocs\projectweblanjut\vendor\codeigniter4\framework\system\CodeIgniter.php(340): CodeIgniter\CodeIgniter->handleRequest(NULL, Object(Config\Cache), false)
#10 C:\xampp\htdocs\projectweblanjut\public\index.php(67): CodeIgniter\CodeIgniter->run()
#11 C:\xampp\htdocs\projectweblanjut\vendor\codeigniter4\framework\system\Commands\Server\rewrite.php(43): require_once('C:\\xampp\\htdocs...')
#12 {main}
CRITICAL - 2022-10-25 00:01:16 --> Unknown column 'barang.id' in 'where clause'
in SYSTEMPATH\Database\MySQLi\Connection.php on line 292.
 1 SYSTEMPATH\Database\MySQLi\Connection.php(292): mysqli->query('SELECT *
FROM `barang`
WHERE `barang`.`id` = \'3\'', 0)
 2 SYSTEMPATH\Database\BaseConnection.php(693): CodeIgniter\Database\MySQLi\Connection->execute('SELECT *
FROM `barang`
WHERE `barang`.`id` = \'3\'')
 3 SYSTEMPATH\Database\BaseConnection.php(620): CodeIgniter\Database\BaseConnection->simpleQuery('SELECT *
FROM `barang`
WHERE `barang`.`id` = \'3\'')
 4 SYSTEMPATH\Database\BaseBuilder.php(1585): CodeIgniter\Database\BaseConnection->query('SELECT *
FROM `barang`
WHERE `barang`.`id` = :barang.id:', [...], false)
 5 SYSTEMPATH\Model.php(182): CodeIgniter\Database\BaseBuilder->get()
 6 SYSTEMPATH\BaseModel.php(523): CodeIgniter\Model->doFind(true, '3')
 7 APPPATH\Controllers\Barang.php(137): CodeIgniter\BaseModel->find('3')
 8 SYSTEMPATH\CodeIgniter.php(907): App\Controllers\Barang->edit('3')
 9 SYSTEMPATH\CodeIgniter.php(457): CodeIgniter\CodeIgniter->runController(Object(App\Controllers\Barang))
10 SYSTEMPATH\CodeIgniter.php(340): CodeIgniter\CodeIgniter->handleRequest(null, Object(Config\Cache), false)
11 FCPATH\index.php(67): CodeIgniter\CodeIgniter->run()
12 SYSTEMPATH\Commands\Server\rewrite.php(43): require_once('FCPATH\\index.php')
ERROR - 2022-10-25 01:15:03 --> mysqli_sql_exception: Unknown column 'barang.id' in 'where clause' in C:\xampp\htdocs\projectweblanjut\vendor\codeigniter4\framework\system\Database\MySQLi\Connection.php:292
Stack trace:
#0 C:\xampp\htdocs\projectweblanjut\vendor\codeigniter4\framework\system\Database\MySQLi\Connection.php(292): mysqli->query('SELECT *\nFROM `...', 0)
#1 C:\xampp\htdocs\projectweblanjut\vendor\codeigniter4\framework\system\Database\BaseConnection.php(693): CodeIgniter\Database\MySQLi\Connection->execute('SELECT *\nFROM `...')
#2 C:\xampp\htdocs\projectweblanjut\vendor\codeigniter4\framework\system\Database\BaseConnection.php(620): CodeIgniter\Database\BaseConnection->simpleQuery('SELECT *\nFROM `...')
#3 C:\xampp\htdocs\projectweblanjut\vendor\codeigniter4\framework\system\Database\BaseBuilder.php(1585): CodeIgniter\Database\BaseConnection->query('SELECT *\nFROM `...', Array, false)
#4 C:\xampp\htdocs\projectweblanjut\vendor\codeigniter4\framework\system\Model.php(182): CodeIgniter\Database\BaseBuilder->get()
#5 C:\xampp\htdocs\projectweblanjut\vendor\codeigniter4\framework\system\BaseModel.php(523): CodeIgniter\Model->doFind(true, '3')
#6 C:\xampp\htdocs\projectweblanjut\app\Controllers\Barang.php(137): CodeIgniter\BaseModel->find('3')
#7 C:\xampp\htdocs\projectweblanjut\vendor\codeigniter4\framework\system\CodeIgniter.php(907): App\Controllers\Barang->edit('3')
#8 C:\xampp\htdocs\projectweblanjut\vendor\codeigniter4\framework\system\CodeIgniter.php(457): CodeIgniter\CodeIgniter->runController(Object(App\Controllers\Barang))
#9 C:\xampp\htdocs\projectweblanjut\vendor\codeigniter4\framework\system\CodeIgniter.php(340): CodeIgniter\CodeIgniter->handleRequest(NULL, Object(Config\Cache), false)
#10 C:\xampp\htdocs\projectweblanjut\public\index.php(67): CodeIgniter\CodeIgniter->run()
#11 C:\xampp\htdocs\projectweblanjut\vendor\codeigniter4\framework\system\Commands\Server\rewrite.php(43): require_once('C:\\xampp\\htdocs...')
#12 {main}
CRITICAL - 2022-10-25 01:15:03 --> Unknown column 'barang.id' in 'where clause'
in SYSTEMPATH\Database\MySQLi\Connection.php on line 292.
 1 SYSTEMPATH\Database\MySQLi\Connection.php(292): mysqli->query('SELECT *
FROM `barang`
WHERE `barang`.`id` = \'3\'', 0)
 2 SYSTEMPATH\Database\BaseConnection.php(693): CodeIgniter\Database\MySQLi\Connection->execute('SELECT *
FROM `barang`
WHERE `barang`.`id` = \'3\'')
 3 SYSTEMPATH\Database\BaseConnection.php(620): CodeIgniter\Database\BaseConnection->simpleQuery('SELECT *
FROM `barang`
WHERE `barang`.`id` = \'3\'')
 4 SYSTEMPATH\Database\BaseBuilder.php(1585): CodeIgniter\Database\BaseConnection->query('SELECT *
FROM `barang`
WHERE `barang`.`id` = :barang.id:', [...], false)
 5 SYSTEMPATH\Model.php(182): CodeIgniter\Database\BaseBuilder->get()
 6 SYSTEMPATH\BaseModel.php(523): CodeIgniter\Model->doFind(true, '3')
 7 APPPATH\Controllers\Barang.php(137): CodeIgniter\BaseModel->find('3')
 8 SYSTEMPATH\CodeIgniter.php(907): App\Controllers\Barang->edit('3')
 9 SYSTEMPATH\CodeIgniter.php(457): CodeIgniter\CodeIgniter->runController(Object(App\Controllers\Barang))
10 SYSTEMPATH\CodeIgniter.php(340): CodeIgniter\CodeIgniter->handleRequest(null, Object(Config\Cache), false)
11 FCPATH\index.php(67): CodeIgniter\CodeIgniter->run()
12 SYSTEMPATH\Commands\Server\rewrite.php(43): require_once('FCPATH\\index.php')
ERROR - 2022-10-25 01:23:55 --> mysqli_sql_exception: Unknown column 'barang.id' in 'where clause' in C:\xampp\htdocs\projectweblanjut\vendor\codeigniter4\framework\system\Database\MySQLi\Connection.php:292
Stack trace:
#0 C:\xampp\htdocs\projectweblanjut\vendor\codeigniter4\framework\system\Database\MySQLi\Connection.php(292): mysqli->query('SELECT *\nFROM `...', 0)
#1 C:\xampp\htdocs\projectweblanjut\vendor\codeigniter4\framework\system\Database\BaseConnection.php(693): CodeIgniter\Database\MySQLi\Connection->execute('SELECT *\nFROM `...')
#2 C:\xampp\htdocs\projectweblanjut\vendor\codeigniter4\framework\system\Database\BaseConnection.php(620): CodeIgniter\Database\BaseConnection->simpleQuery('SELECT *\nFROM `...')
#3 C:\xampp\htdocs\projectweblanjut\vendor\codeigniter4\framework\system\Database\BaseBuilder.php(1585): CodeIgniter\Database\BaseConnection->query('SELECT *\nFROM `...', Array, false)
#4 C:\xampp\htdocs\projectweblanjut\vendor\codeigniter4\framework\system\Model.php(182): CodeIgniter\Database\BaseBuilder->get()
#5 C:\xampp\htdocs\projectweblanjut\vendor\codeigniter4\framework\system\BaseModel.php(523): CodeIgniter\Model->doFind(true, '3')
#6 C:\xampp\htdocs\projectweblanjut\app\Controllers\Barang.php(137): CodeIgniter\BaseModel->find('3')
#7 C:\xampp\htdocs\projectweblanjut\vendor\codeigniter4\framework\system\CodeIgniter.php(907): App\Controllers\Barang->edit('3')
#8 C:\xampp\htdocs\projectweblanjut\vendor\codeigniter4\framework\system\CodeIgniter.php(457): CodeIgniter\CodeIgniter->runController(Object(App\Controllers\Barang))
#9 C:\xampp\htdocs\projectweblanjut\vendor\codeigniter4\framework\system\CodeIgniter.php(340): CodeIgniter\CodeIgniter->handleRequest(NULL, Object(Config\Cache), false)
#10 C:\xampp\htdocs\projectweblanjut\public\index.php(67): CodeIgniter\CodeIgniter->run()
#11 C:\xampp\htdocs\projectweblanjut\vendor\codeigniter4\framework\system\Commands\Server\rewrite.php(43): require_once('C:\\xampp\\htdocs...')
#12 {main}
CRITICAL - 2022-10-25 01:23:55 --> Unknown column 'barang.id' in 'where clause'
in SYSTEMPATH\Database\MySQLi\Connection.php on line 292.
 1 SYSTEMPATH\Database\MySQLi\Connection.php(292): mysqli->query('SELECT *
FROM `barang`
WHERE `barang`.`id` = \'3\'', 0)
 2 SYSTEMPATH\Database\BaseConnection.php(693): CodeIgniter\Database\MySQLi\Connection->execute('SELECT *
FROM `barang`
WHERE `barang`.`id` = \'3\'')
 3 SYSTEMPATH\Database\BaseConnection.php(620): CodeIgniter\Database\BaseConnection->simpleQuery('SELECT *
FROM `barang`
WHERE `barang`.`id` = \'3\'')
 4 SYSTEMPATH\Database\BaseBuilder.php(1585): CodeIgniter\Database\BaseConnection->query('SELECT *
FROM `barang`
WHERE `barang`.`id` = :barang.id:', [...], false)
 5 SYSTEMPATH\Model.php(182): CodeIgniter\Database\BaseBuilder->get()
 6 SYSTEMPATH\BaseModel.php(523): CodeIgniter\Model->doFind(true, '3')
 7 APPPATH\Controllers\Barang.php(137): CodeIgniter\BaseModel->find('3')
 8 SYSTEMPATH\CodeIgniter.php(907): App\Controllers\Barang->edit('3')
 9 SYSTEMPATH\CodeIgniter.php(457): CodeIgniter\CodeIgniter->runController(Object(App\Controllers\Barang))
10 SYSTEMPATH\CodeIgniter.php(340): CodeIgniter\CodeIgniter->handleRequest(null, Object(Config\Cache), false)
11 FCPATH\index.php(67): CodeIgniter\CodeIgniter->run()
12 SYSTEMPATH\Commands\Server\rewrite.php(43): require_once('FCPATH\\index.php')
ERROR - 2022-10-25 01:29:59 --> mysqli_sql_exception: Unknown column 'barang.id' in 'where clause' in C:\xampp\htdocs\projectweblanjut\vendor\codeigniter4\framework\system\Database\MySQLi\Connection.php:292
Stack trace:
#0 C:\xampp\htdocs\projectweblanjut\vendor\codeigniter4\framework\system\Database\MySQLi\Connection.php(292): mysqli->query('SELECT *\nFROM `...', 0)
#1 C:\xampp\htdocs\projectweblanjut\vendor\codeigniter4\framework\system\Database\BaseConnection.php(693): CodeIgniter\Database\MySQLi\Connection->execute('SELECT *\nFROM `...')
#2 C:\xampp\htdocs\projectweblanjut\vendor\codeigniter4\framework\system\Database\BaseConnection.php(620): CodeIgniter\Database\BaseConnection->simpleQuery('SELECT *\nFROM `...')
#3 C:\xampp\htdocs\projectweblanjut\vendor\codeigniter4\framework\system\Database\BaseBuilder.php(1585): CodeIgniter\Database\BaseConnection->query('SELECT *\nFROM `...', Array, false)
#4 C:\xampp\htdocs\projectweblanjut\vendor\codeigniter4\framework\system\Model.php(182): CodeIgniter\Database\BaseBuilder->get()
#5 C:\xampp\htdocs\projectweblanjut\vendor\codeigniter4\framework\system\BaseModel.php(523): CodeIgniter\Model->doFind(true, '3')
#6 C:\xampp\htdocs\projectweblanjut\app\Controllers\Barang.php(137): CodeIgniter\BaseModel->find('3')
#7 C:\xampp\htdocs\projectweblanjut\vendor\codeigniter4\framework\system\CodeIgniter.php(907): App\Controllers\Barang->edit('3')
#8 C:\xampp\htdocs\projectweblanjut\vendor\codeigniter4\framework\system\CodeIgniter.php(457): CodeIgniter\CodeIgniter->runController(Object(App\Controllers\Barang))
#9 C:\xampp\htdocs\projectweblanjut\vendor\codeigniter4\framework\system\CodeIgniter.php(340): CodeIgniter\CodeIgniter->handleRequest(NULL, Object(Config\Cache), false)
#10 C:\xampp\htdocs\projectweblanjut\public\index.php(67): CodeIgniter\CodeIgniter->run()
#11 C:\xampp\htdocs\projectweblanjut\vendor\codeigniter4\framework\system\Commands\Server\rewrite.php(43): require_once('C:\\xampp\\htdocs...')
#12 {main}
CRITICAL - 2022-10-25 01:29:59 --> Unknown column 'barang.id' in 'where clause'
in SYSTEMPATH\Database\MySQLi\Connection.php on line 292.
 1 SYSTEMPATH\Database\MySQLi\Connection.php(292): mysqli->query('SELECT *
FROM `barang`
WHERE `barang`.`id` = \'3\'', 0)
 2 SYSTEMPATH\Database\BaseConnection.php(693): CodeIgniter\Database\MySQLi\Connection->execute('SELECT *
FROM `barang`
WHERE `barang`.`id` = \'3\'')
 3 SYSTEMPATH\Database\BaseConnection.php(620): CodeIgniter\Database\BaseConnection->simpleQuery('SELECT *
FROM `barang`
WHERE `barang`.`id` = \'3\'')
 4 SYSTEMPATH\Database\BaseBuilder.php(1585): CodeIgniter\Database\BaseConnection->query('SELECT *
FROM `barang`
WHERE `barang`.`id` = :barang.id:', [...], false)
 5 SYSTEMPATH\Model.php(182): CodeIgniter\Database\BaseBuilder->get()
 6 SYSTEMPATH\BaseModel.php(523): CodeIgniter\Model->doFind(true, '3')
 7 APPPATH\Controllers\Barang.php(137): CodeIgniter\BaseModel->find('3')
 8 SYSTEMPATH\CodeIgniter.php(907): App\Controllers\Barang->edit('3')
 9 SYSTEMPATH\CodeIgniter.php(457): CodeIgniter\CodeIgniter->runController(Object(App\Controllers\Barang))
10 SYSTEMPATH\CodeIgniter.php(340): CodeIgniter\CodeIgniter->handleRequest(null, Object(Config\Cache), false)
11 FCPATH\index.php(67): CodeIgniter\CodeIgniter->run()
12 SYSTEMPATH\Commands\Server\rewrite.php(43): require_once('FCPATH\\index.php')
ERROR - 2022-10-25 01:31:35 --> mysqli_sql_exception: Unknown column 'barang.id' in 'where clause' in C:\xampp\htdocs\projectweblanjut\vendor\codeigniter4\framework\system\Database\MySQLi\Connection.php:292
Stack trace:
#0 C:\xampp\htdocs\projectweblanjut\vendor\codeigniter4\framework\system\Database\MySQLi\Connection.php(292): mysqli->query('SELECT *\nFROM `...', 0)
#1 C:\xampp\htdocs\projectweblanjut\vendor\codeigniter4\framework\system\Database\BaseConnection.php(693): CodeIgniter\Database\MySQLi\Connection->execute('SELECT *\nFROM `...')
#2 C:\xampp\htdocs\projectweblanjut\vendor\codeigniter4\framework\system\Database\BaseConnection.php(620): CodeIgniter\Database\BaseConnection->simpleQuery('SELECT *\nFROM `...')
#3 C:\xampp\htdocs\projectweblanjut\vendor\codeigniter4\framework\system\Database\BaseBuilder.php(1585): CodeIgniter\Database\BaseConnection->query('SELECT *\nFROM `...', Array, false)
#4 C:\xampp\htdocs\projectweblanjut\vendor\codeigniter4\framework\system\Model.php(182): CodeIgniter\Database\BaseBuilder->get()
#5 C:\xampp\htdocs\projectweblanjut\vendor\codeigniter4\framework\system\BaseModel.php(523): CodeIgniter\Model->doFind(true, '3')
#6 C:\xampp\htdocs\projectweblanjut\app\Controllers\Barang.php(137): CodeIgniter\BaseModel->find('3')
#7 C:\xampp\htdocs\projectweblanjut\vendor\codeigniter4\framework\system\CodeIgniter.php(907): App\Controllers\Barang->edit('3')
#8 C:\xampp\htdocs\projectweblanjut\vendor\codeigniter4\framework\system\CodeIgniter.php(457): CodeIgniter\CodeIgniter->runController(Object(App\Controllers\Barang))
#9 C:\xampp\htdocs\projectweblanjut\vendor\codeigniter4\framework\system\CodeIgniter.php(340): CodeIgniter\CodeIgniter->handleRequest(NULL, Object(Config\Cache), false)
#10 C:\xampp\htdocs\projectweblanjut\public\index.php(67): CodeIgniter\CodeIgniter->run()
#11 C:\xampp\htdocs\projectweblanjut\vendor\codeigniter4\framework\system\Commands\Server\rewrite.php(43): require_once('C:\\xampp\\htdocs...')
#12 {main}
CRITICAL - 2022-10-25 01:31:35 --> Unknown column 'barang.id' in 'where clause'
in SYSTEMPATH\Database\MySQLi\Connection.php on line 292.
 1 SYSTEMPATH\Database\MySQLi\Connection.php(292): mysqli->query('SELECT *
FROM `barang`
WHERE `barang`.`id` = \'3\'', 0)
 2 SYSTEMPATH\Database\BaseConnection.php(693): CodeIgniter\Database\MySQLi\Connection->execute('SELECT *
FROM `barang`
WHERE `barang`.`id` = \'3\'')
 3 SYSTEMPATH\Database\BaseConnection.php(620): CodeIgniter\Database\BaseConnection->simpleQuery('SELECT *
FROM `barang`
WHERE `barang`.`id` = \'3\'')
 4 SYSTEMPATH\Database\BaseBuilder.php(1585): CodeIgniter\Database\BaseConnection->query('SELECT *
FROM `barang`
WHERE `barang`.`id` = :barang.id:', [...], false)
 5 SYSTEMPATH\Model.php(182): CodeIgniter\Database\BaseBuilder->get()
 6 SYSTEMPATH\BaseModel.php(523): CodeIgniter\Model->doFind(true, '3')
 7 APPPATH\Controllers\Barang.php(137): CodeIgniter\BaseModel->find('3')
 8 SYSTEMPATH\CodeIgniter.php(907): App\Controllers\Barang->edit('3')
 9 SYSTEMPATH\CodeIgniter.php(457): CodeIgniter\CodeIgniter->runController(Object(App\Controllers\Barang))
10 SYSTEMPATH\CodeIgniter.php(340): CodeIgniter\CodeIgniter->handleRequest(null, Object(Config\Cache), false)
11 FCPATH\index.php(67): CodeIgniter\CodeIgniter->run()
12 SYSTEMPATH\Commands\Server\rewrite.php(43): require_once('FCPATH\\index.php')
ERROR - 2022-10-25 01:31:44 --> mysqli_sql_exception: Unknown column 'barang.id' in 'where clause' in C:\xampp\htdocs\projectweblanjut\vendor\codeigniter4\framework\system\Database\MySQLi\Connection.php:292
Stack trace:
#0 C:\xampp\htdocs\projectweblanjut\vendor\codeigniter4\framework\system\Database\MySQLi\Connection.php(292): mysqli->query('SELECT *\nFROM `...', 0)
#1 C:\xampp\htdocs\projectweblanjut\vendor\codeigniter4\framework\system\Database\BaseConnection.php(693): CodeIgniter\Database\MySQLi\Connection->execute('SELECT *\nFROM `...')
#2 C:\xampp\htdocs\projectweblanjut\vendor\codeigniter4\framework\system\Database\BaseConnection.php(620): CodeIgniter\Database\BaseConnection->simpleQuery('SELECT *\nFROM `...')
#3 C:\xampp\htdocs\projectweblanjut\vendor\codeigniter4\framework\system\Database\BaseBuilder.php(1585): CodeIgniter\Database\BaseConnection->query('SELECT *\nFROM `...', Array, false)
#4 C:\xampp\htdocs\projectweblanjut\vendor\codeigniter4\framework\system\Model.php(182): CodeIgniter\Database\BaseBuilder->get()
#5 C:\xampp\htdocs\projectweblanjut\vendor\codeigniter4\framework\system\BaseModel.php(523): CodeIgniter\Model->doFind(true, '3')
#6 C:\xampp\htdocs\projectweblanjut\app\Controllers\Barang.php(137): CodeIgniter\BaseModel->find('3')
#7 C:\xampp\htdocs\projectweblanjut\vendor\codeigniter4\framework\system\CodeIgniter.php(907): App\Controllers\Barang->edit('3')
#8 C:\xampp\htdocs\projectweblanjut\vendor\codeigniter4\framework\system\CodeIgniter.php(457): CodeIgniter\CodeIgniter->runController(Object(App\Controllers\Barang))
#9 C:\xampp\htdocs\projectweblanjut\vendor\codeigniter4\framework\system\CodeIgniter.php(340): CodeIgniter\CodeIgniter->handleRequest(NULL, Object(Config\Cache), false)
#10 C:\xampp\htdocs\projectweblanjut\public\index.php(67): CodeIgniter\CodeIgniter->run()
#11 C:\xampp\htdocs\projectweblanjut\vendor\codeigniter4\framework\system\Commands\Server\rewrite.php(43): require_once('C:\\xampp\\htdocs...')
#12 {main}
CRITICAL - 2022-10-25 01:31:44 --> Unknown column 'barang.id' in 'where clause'
in SYSTEMPATH\Database\MySQLi\Connection.php on line 292.
 1 SYSTEMPATH\Database\MySQLi\Connection.php(292): mysqli->query('SELECT *
FROM `barang`
WHERE `barang`.`id` = \'3\'', 0)
 2 SYSTEMPATH\Database\BaseConnection.php(693): CodeIgniter\Database\MySQLi\Connection->execute('SELECT *
FROM `barang`
WHERE `barang`.`id` = \'3\'')
 3 SYSTEMPATH\Database\BaseConnection.php(620): CodeIgniter\Database\BaseConnection->simpleQuery('SELECT *
FROM `barang`
WHERE `barang`.`id` = \'3\'')
 4 SYSTEMPATH\Database\BaseBuilder.php(1585): CodeIgniter\Database\BaseConnection->query('SELECT *
FROM `barang`
WHERE `barang`.`id` = :barang.id:', [...], false)
 5 SYSTEMPATH\Model.php(182): CodeIgniter\Database\BaseBuilder->get()
 6 SYSTEMPATH\BaseModel.php(523): CodeIgniter\Model->doFind(true, '3')
 7 APPPATH\Controllers\Barang.php(137): CodeIgniter\BaseModel->find('3')
 8 SYSTEMPATH\CodeIgniter.php(907): App\Controllers\Barang->edit('3')
 9 SYSTEMPATH\CodeIgniter.php(457): CodeIgniter\CodeIgniter->runController(Object(App\Controllers\Barang))
10 SYSTEMPATH\CodeIgniter.php(340): CodeIgniter\CodeIgniter->handleRequest(null, Object(Config\Cache), false)
11 FCPATH\index.php(67): CodeIgniter\CodeIgniter->run()
12 SYSTEMPATH\Commands\Server\rewrite.php(43): require_once('FCPATH\\index.php')
ERROR - 2022-10-25 01:37:11 --> mysqli_sql_exception: Unknown column 'barang.id' in 'where clause' in C:\xampp\htdocs\projectweblanjut\vendor\codeigniter4\framework\system\Database\MySQLi\Connection.php:292
Stack trace:
#0 C:\xampp\htdocs\projectweblanjut\vendor\codeigniter4\framework\system\Database\MySQLi\Connection.php(292): mysqli->query('SELECT *\nFROM `...', 0)
#1 C:\xampp\htdocs\projectweblanjut\vendor\codeigniter4\framework\system\Database\BaseConnection.php(693): CodeIgniter\Database\MySQLi\Connection->execute('SELECT *\nFROM `...')
#2 C:\xampp\htdocs\projectweblanjut\vendor\codeigniter4\framework\system\Database\BaseConnection.php(620): CodeIgniter\Database\BaseConnection->simpleQuery('SELECT *\nFROM `...')
#3 C:\xampp\htdocs\projectweblanjut\vendor\codeigniter4\framework\system\Database\BaseBuilder.php(1585): CodeIgniter\Database\BaseConnection->query('SELECT *\nFROM `...', Array, false)
#4 C:\xampp\htdocs\projectweblanjut\vendor\codeigniter4\framework\system\Model.php(182): CodeIgniter\Database\BaseBuilder->get()
#5 C:\xampp\htdocs\projectweblanjut\vendor\codeigniter4\framework\system\BaseModel.php(523): CodeIgniter\Model->doFind(true, '3')
#6 C:\xampp\htdocs\projectweblanjut\app\Controllers\Barang.php(137): CodeIgniter\BaseModel->find('3')
#7 C:\xampp\htdocs\projectweblanjut\vendor\codeigniter4\framework\system\CodeIgniter.php(907): App\Controllers\Barang->edit('3')
#8 C:\xampp\htdocs\projectweblanjut\vendor\codeigniter4\framework\system\CodeIgniter.php(457): CodeIgniter\CodeIgniter->runController(Object(App\Controllers\Barang))
#9 C:\xampp\htdocs\projectweblanjut\vendor\codeigniter4\framework\system\CodeIgniter.php(340): CodeIgniter\CodeIgniter->handleRequest(NULL, Object(Config\Cache), false)
#10 C:\xampp\htdocs\projectweblanjut\public\index.php(67): CodeIgniter\CodeIgniter->run()
#11 C:\xampp\htdocs\projectweblanjut\vendor\codeigniter4\framework\system\Commands\Server\rewrite.php(43): require_once('C:\\xampp\\htdocs...')
#12 {main}
CRITICAL - 2022-10-25 01:37:11 --> Unknown column 'barang.id' in 'where clause'
in SYSTEMPATH\Database\MySQLi\Connection.php on line 292.
 1 SYSTEMPATH\Database\MySQLi\Connection.php(292): mysqli->query('SELECT *
FROM `barang`
WHERE `barang`.`id` = \'3\'', 0)
 2 SYSTEMPATH\Database\BaseConnection.php(693): CodeIgniter\Database\MySQLi\Connection->execute('SELECT *
FROM `barang`
WHERE `barang`.`id` = \'3\'')
 3 SYSTEMPATH\Database\BaseConnection.php(620): CodeIgniter\Database\BaseConnection->simpleQuery('SELECT *
FROM `barang`
WHERE `barang`.`id` = \'3\'')
 4 SYSTEMPATH\Database\BaseBuilder.php(1585): CodeIgniter\Database\BaseConnection->query('SELECT *
FROM `barang`
WHERE `barang`.`id` = :barang.id:', [...], false)
 5 SYSTEMPATH\Model.php(182): CodeIgniter\Database\BaseBuilder->get()
 6 SYSTEMPATH\BaseModel.php(523): CodeIgniter\Model->doFind(true, '3')
 7 APPPATH\Controllers\Barang.php(137): CodeIgniter\BaseModel->find('3')
 8 SYSTEMPATH\CodeIgniter.php(907): App\Controllers\Barang->edit('3')
 9 SYSTEMPATH\CodeIgniter.php(457): CodeIgniter\CodeIgniter->runController(Object(App\Controllers\Barang))
10 SYSTEMPATH\CodeIgniter.php(340): CodeIgniter\CodeIgniter->handleRequest(null, Object(Config\Cache), false)
11 FCPATH\index.php(67): CodeIgniter\CodeIgniter->run()
12 SYSTEMPATH\Commands\Server\rewrite.php(43): require_once('FCPATH\\index.php')
CRITICAL - 2022-10-25 02:28:39 --> syntax error, unexpected token "else"
in APPPATH\Views\barang\formedit.php on line 43.
 1 SYSTEMPATH\View\View.php(216): CodeIgniter\View\View->CodeIgniter\View\{closure}()
 2 SYSTEMPATH\Common.php(1142): CodeIgniter\View\View->render('barang/formedit', [], true)
 3 APPPATH\Controllers\Barang.php(151): view('barang/formedit', [...])
 4 SYSTEMPATH\CodeIgniter.php(907): App\Controllers\Barang->edit('1212')
 5 SYSTEMPATH\CodeIgniter.php(457): CodeIgniter\CodeIgniter->runController(Object(App\Controllers\Barang))
 6 SYSTEMPATH\CodeIgniter.php(340): CodeIgniter\CodeIgniter->handleRequest(null, Object(Config\Cache), false)
 7 FCPATH\index.php(67): CodeIgniter\CodeIgniter->run()
 8 SYSTEMPATH\Commands\Server\rewrite.php(43): require_once('FCPATH\\index.php')
CRITICAL - 2022-10-25 03:03:50 --> unlink(): Invalid argument
in APPPATH\Controllers\Barang.php on line 231.
 1 [internal function]: CodeIgniter\Debug\Exceptions->errorHandler(2, 'unlink(): Invalid argument', 'APPPATH\\Controllers\\Barang.php', 231)
 2 APPPATH\Controllers\Barang.php(231): unlink('ROOTPATH\\public')
 3 SYSTEMPATH\CodeIgniter.php(907): App\Controllers\Barang->updatedata()
 4 SYSTEMPATH\CodeIgniter.php(457): CodeIgniter\CodeIgniter->runController(Object(App\Controllers\Barang))
 5 SYSTEMPATH\CodeIgniter.php(340): CodeIgniter\CodeIgniter->handleRequest(null, Object(Config\Cache), false)
 6 FCPATH\index.php(67): CodeIgniter\CodeIgniter->run()
 7 SYSTEMPATH\Commands\Server\rewrite.php(43): require_once('FCPATH\\index.php')
CRITICAL - 2022-10-25 03:05:08 --> unlink(): Invalid argument
in APPPATH\Controllers\Barang.php on line 231.
 1 [internal function]: CodeIgniter\Debug\Exceptions->errorHandler(2, 'unlink(): Invalid argument', 'APPPATH\\Controllers\\Barang.php', 231)
 2 APPPATH\Controllers\Barang.php(231): unlink('ROOTPATH\\public')
 3 SYSTEMPATH\CodeIgniter.php(907): App\Controllers\Barang->updatedata()
 4 SYSTEMPATH\CodeIgniter.php(457): CodeIgniter\CodeIgniter->runController(Object(App\Controllers\Barang))
 5 SYSTEMPATH\CodeIgniter.php(340): CodeIgniter\CodeIgniter->handleRequest(null, Object(Config\Cache), false)
 6 FCPATH\index.php(67): CodeIgniter\CodeIgniter->run()
 7 SYSTEMPATH\Commands\Server\rewrite.php(43): require_once('FCPATH\\index.php')
CRITICAL - 2022-10-25 03:06:09 --> unlink(): Invalid argument
in APPPATH\Controllers\Barang.php on line 231.
 1 [internal function]: CodeIgniter\Debug\Exceptions->errorHandler(2, 'unlink(): Invalid argument', 'APPPATH\\Controllers\\Barang.php', 231)
 2 APPPATH\Controllers\Barang.php(231): unlink('ROOTPATH\\public')
 3 SYSTEMPATH\CodeIgniter.php(907): App\Controllers\Barang->updatedata()
 4 SYSTEMPATH\CodeIgniter.php(457): CodeIgniter\CodeIgniter->runController(Object(App\Controllers\Barang))
 5 SYSTEMPATH\CodeIgniter.php(340): CodeIgniter\CodeIgniter->handleRequest(null, Object(Config\Cache), false)
 6 FCPATH\index.php(67): CodeIgniter\CodeIgniter->run()
 7 SYSTEMPATH\Commands\Server\rewrite.php(43): require_once('FCPATH\\index.php')
CRITICAL - 2022-10-25 03:08:42 --> unlink(): Invalid argument
in APPPATH\Controllers\Barang.php on line 231.
 1 [internal function]: CodeIgniter\Debug\Exceptions->errorHandler(2, 'unlink(): Invalid argument', 'APPPATH\\Controllers\\Barang.php', 231)
 2 APPPATH\Controllers\Barang.php(231): unlink('ROOTPATH\\public')
 3 SYSTEMPATH\CodeIgniter.php(907): App\Controllers\Barang->updatedata()
 4 SYSTEMPATH\CodeIgniter.php(457): CodeIgniter\CodeIgniter->runController(Object(App\Controllers\Barang))
 5 SYSTEMPATH\CodeIgniter.php(340): CodeIgniter\CodeIgniter->handleRequest(null, Object(Config\Cache), false)
 6 FCPATH\index.php(67): CodeIgniter\CodeIgniter->run()
 7 SYSTEMPATH\Commands\Server\rewrite.php(43): require_once('FCPATH\\index.php')
CRITICAL - 2022-10-25 03:26:05 --> Undefined array key "brggambr"
in APPPATH\Controllers\Barang.php on line 267.
 1 APPPATH\Controllers\Barang.php(267): CodeIgniter\Debug\Exceptions->errorHandler(2, 'Undefined array key "brggambr"', 'APPPATH\\Controllers\\Barang.php', 267)
 2 SYSTEMPATH\CodeIgniter.php(907): App\Controllers\Barang->hapus('23')
 3 SYSTEMPATH\CodeIgniter.php(457): CodeIgniter\CodeIgniter->runController(Object(App\Controllers\Barang))
 4 SYSTEMPATH\CodeIgniter.php(340): CodeIgniter\CodeIgniter->handleRequest(null, Object(Config\Cache), false)
 5 FCPATH\index.php(67): CodeIgniter\CodeIgniter->run()
 6 SYSTEMPATH\Commands\Server\rewrite.php(43): require_once('FCPATH\\index.php')
ERROR - 2022-10-25 03:32:09 --> mysqli_sql_exception: Unknown column 'barang.id' in 'where clause' in C:\xampp\htdocs\projectweblanjut99\projectweblanjut\vendor\codeigniter4\framework\system\Database\MySQLi\Connection.php:292
Stack trace:
#0 C:\xampp\htdocs\projectweblanjut99\projectweblanjut\vendor\codeigniter4\framework\system\Database\MySQLi\Connection.php(292): mysqli->query('SELECT *\nFROM `...', 0)
#1 C:\xampp\htdocs\projectweblanjut99\projectweblanjut\vendor\codeigniter4\framework\system\Database\BaseConnection.php(693): CodeIgniter\Database\MySQLi\Connection->execute('SELECT *\nFROM `...')
#2 C:\xampp\htdocs\projectweblanjut99\projectweblanjut\vendor\codeigniter4\framework\system\Database\BaseConnection.php(620): CodeIgniter\Database\BaseConnection->simpleQuery('SELECT *\nFROM `...')
#3 C:\xampp\htdocs\projectweblanjut99\projectweblanjut\vendor\codeigniter4\framework\system\Database\BaseBuilder.php(1585): CodeIgniter\Database\BaseConnection->query('SELECT *\nFROM `...', Array, false)
#4 C:\xampp\htdocs\projectweblanjut99\projectweblanjut\vendor\codeigniter4\framework\system\Model.php(182): CodeIgniter\Database\BaseBuilder->get()
#5 C:\xampp\htdocs\projectweblanjut99\projectweblanjut\vendor\codeigniter4\framework\system\BaseModel.php(523): CodeIgniter\Model->doFind(true, '124')
#6 C:\xampp\htdocs\projectweblanjut99\projectweblanjut\app\Controllers\Barang.php(137): CodeIgniter\BaseModel->find('124')
#7 C:\xampp\htdocs\projectweblanjut99\projectweblanjut\vendor\codeigniter4\framework\system\CodeIgniter.php(907): App\Controllers\Barang->edit('124')
#8 C:\xampp\htdocs\projectweblanjut99\projectweblanjut\vendor\codeigniter4\framework\system\CodeIgniter.php(457): CodeIgniter\CodeIgniter->runController(Object(App\Controllers\Barang))
#9 C:\xampp\htdocs\projectweblanjut99\projectweblanjut\vendor\codeigniter4\framework\system\CodeIgniter.php(340): CodeIgniter\CodeIgniter->handleRequest(NULL, Object(Config\Cache), false)
#10 C:\xampp\htdocs\projectweblanjut99\projectweblanjut\public\index.php(67): CodeIgniter\CodeIgniter->run()
#11 C:\xampp\htdocs\projectweblanjut99\projectweblanjut\vendor\codeigniter4\framework\system\Commands\Server\rewrite.php(43): require_once('C:\\xampp\\htdocs...')
#12 {main}
CRITICAL - 2022-10-25 03:32:09 --> Unknown column 'barang.id' in 'where clause'
in SYSTEMPATH\Database\MySQLi\Connection.php on line 292.
 1 SYSTEMPATH\Database\MySQLi\Connection.php(292): mysqli->query('SELECT *
FROM `barang`
WHERE `barang`.`id` = \'124\'', 0)
 2 SYSTEMPATH\Database\BaseConnection.php(693): CodeIgniter\Database\MySQLi\Connection->execute('SELECT *
FROM `barang`
WHERE `barang`.`id` = \'124\'')
 3 SYSTEMPATH\Database\BaseConnection.php(620): CodeIgniter\Database\BaseConnection->simpleQuery('SELECT *
FROM `barang`
WHERE `barang`.`id` = \'124\'')
 4 SYSTEMPATH\Database\BaseBuilder.php(1585): CodeIgniter\Database\BaseConnection->query('SELECT *
FROM `barang`
WHERE `barang`.`id` = :barang.id:', [...], false)
 5 SYSTEMPATH\Model.php(182): CodeIgniter\Database\BaseBuilder->get()
 6 SYSTEMPATH\BaseModel.php(523): CodeIgniter\Model->doFind(true, '124')
 7 APPPATH\Controllers\Barang.php(137): CodeIgniter\BaseModel->find('124')
 8 SYSTEMPATH\CodeIgniter.php(907): App\Controllers\Barang->edit('124')
 9 SYSTEMPATH\CodeIgniter.php(457): CodeIgniter\CodeIgniter->runController(Object(App\Controllers\Barang))
10 SYSTEMPATH\CodeIgniter.php(340): CodeIgniter\CodeIgniter->handleRequest(null, Object(Config\Cache), false)
11 FCPATH\index.php(67): CodeIgniter\CodeIgniter->run()
12 SYSTEMPATH\Commands\Server\rewrite.php(43): require_once('FCPATH\\index.php')
CRITICAL - 2022-10-25 03:36:48 --> unlink(): Invalid argument
in APPPATH\Controllers\Barang.php on line 268.
 1 [internal function]: CodeIgniter\Debug\Exceptions->errorHandler(2, 'unlink(): Invalid argument', 'APPPATH\\Controllers\\Barang.php', 268)
 2 APPPATH\Controllers\Barang.php(268): unlink('ROOTPATH\\public')
 3 SYSTEMPATH\CodeIgniter.php(907): App\Controllers\Barang->hapus('1212')
 4 SYSTEMPATH\CodeIgniter.php(457): CodeIgniter\CodeIgniter->runController(Object(App\Controllers\Barang))
 5 SYSTEMPATH\CodeIgniter.php(340): CodeIgniter\CodeIgniter->handleRequest(null, Object(Config\Cache), false)
 6 FCPATH\index.php(67): CodeIgniter\CodeIgniter->run()
 7 SYSTEMPATH\Commands\Server\rewrite.php(43): require_once('FCPATH\\index.php')
CRITICAL - 2022-10-25 03:37:43 --> unlink(): Invalid argument
in APPPATH\Controllers\Barang.php on line 268.
 1 [internal function]: CodeIgniter\Debug\Exceptions->errorHandler(2, 'unlink(): Invalid argument', 'APPPATH\\Controllers\\Barang.php', 268)
 2 APPPATH\Controllers\Barang.php(268): unlink('ROOTPATH\\public')
 3 SYSTEMPATH\CodeIgniter.php(907): App\Controllers\Barang->hapus('1212')
 4 SYSTEMPATH\CodeIgniter.php(457): CodeIgniter\CodeIgniter->runController(Object(App\Controllers\Barang))
 5 SYSTEMPATH\CodeIgniter.php(340): CodeIgniter\CodeIgniter->handleRequest(null, Object(Config\Cache), false)
 6 FCPATH\index.php(67): CodeIgniter\CodeIgniter->run()
 7 SYSTEMPATH\Commands\Server\rewrite.php(43): require_once('FCPATH\\index.php')
ERROR - 2022-10-25 03:57:49 --> mysqli_sql_exception: Cannot delete or update a parent row: a foreign key constraint fails (`dbgudang`.`barang`, CONSTRAINT `barang_brgkatid_foreign` FOREIGN KEY (`brgkatid`) REFERENCES `kategori` (`katid`)) in C:\xampp\htdocs\projectweblanjut\vendor\codeigniter4\framework\system\Database\MySQLi\Connection.php:292
Stack trace:
#0 C:\xampp\htdocs\projectweblanjut\vendor\codeigniter4\framework\system\Database\MySQLi\Connection.php(292): mysqli->query('DELETE FROM `ka...', 0)
#1 C:\xampp\htdocs\projectweblanjut\vendor\codeigniter4\framework\system\Database\BaseConnection.php(693): CodeIgniter\Database\MySQLi\Connection->execute('DELETE FROM `ka...')
#2 C:\xampp\htdocs\projectweblanjut\vendor\codeigniter4\framework\system\Database\BaseConnection.php(620): CodeIgniter\Database\BaseConnection->simpleQuery('DELETE FROM `ka...')
#3 C:\xampp\htdocs\projectweblanjut\vendor\codeigniter4\framework\system\Database\BaseBuilder.php(2391): CodeIgniter\Database\BaseConnection->query('DELETE FROM `ka...', Array, false)
#4 C:\xampp\htdocs\projectweblanjut\vendor\codeigniter4\framework\system\Model.php(401): CodeIgniter\Database\BaseBuilder->delete()
#5 C:\xampp\htdocs\projectweblanjut\vendor\codeigniter4\framework\system\BaseModel.php(963): CodeIgniter\Model->doDelete(Array, false)
#6 C:\xampp\htdocs\projectweblanjut\app\Controllers\Kategori.php(133): CodeIgniter\BaseModel->delete(Array)
#7 C:\xampp\htdocs\projectweblanjut\vendor\codeigniter4\framework\system\CodeIgniter.php(907): App\Controllers\Kategori->hapus('4')
#8 C:\xampp\htdocs\projectweblanjut\vendor\codeigniter4\framework\system\CodeIgniter.php(457): CodeIgniter\CodeIgniter->runController(Object(App\Controllers\Kategori))
#9 C:\xampp\htdocs\projectweblanjut\vendor\codeigniter4\framework\system\CodeIgniter.php(340): CodeIgniter\CodeIgniter->handleRequest(NULL, Object(Config\Cache), false)
#10 C:\xampp\htdocs\projectweblanjut\public\index.php(67): CodeIgniter\CodeIgniter->run()
#11 C:\xampp\htdocs\projectweblanjut\vendor\codeigniter4\framework\system\Commands\Server\rewrite.php(43): require_once('C:\\xampp\\htdocs...')
#12 {main}
CRITICAL - 2022-10-25 03:57:49 --> Cannot delete or update a parent row: a foreign key constraint fails (`dbgudang`.`barang`, CONSTRAINT `barang_brgkatid_foreign` FOREIGN KEY (`brgkatid`) REFERENCES `kategori` (`katid`))
in SYSTEMPATH\Database\MySQLi\Connection.php on line 292.
 1 SYSTEMPATH\Database\MySQLi\Connection.php(292): mysqli->query('DELETE FROM `kategori`
WHERE `katid` IN (\'4\')', 0)
 2 SYSTEMPATH\Database\BaseConnection.php(693): CodeIgniter\Database\MySQLi\Connection->execute('DELETE FROM `kategori`
WHERE `katid` IN (\'4\')')
 3 SYSTEMPATH\Database\BaseConnection.php(620): CodeIgniter\Database\BaseConnection->simpleQuery('DELETE FROM `kategori`
WHERE `katid` IN (\'4\')')
 4 SYSTEMPATH\Database\BaseBuilder.php(2391): CodeIgniter\Database\BaseConnection->query('DELETE FROM `kategori`
WHERE `katid` IN :katid:', [...], false)
 5 SYSTEMPATH\Model.php(401): CodeIgniter\Database\BaseBuilder->delete()
 6 SYSTEMPATH\BaseModel.php(963): CodeIgniter\Model->doDelete([...], false)
 7 APPPATH\Controllers\Kategori.php(133): CodeIgniter\BaseModel->delete([...])
 8 SYSTEMPATH\CodeIgniter.php(907): App\Controllers\Kategori->hapus('4')
 9 SYSTEMPATH\CodeIgniter.php(457): CodeIgniter\CodeIgniter->runController(Object(App\Controllers\Kategori))
10 SYSTEMPATH\CodeIgniter.php(340): CodeIgniter\CodeIgniter->handleRequest(null, Object(Config\Cache), false)
11 FCPATH\index.php(67): CodeIgniter\CodeIgniter->run()
12 SYSTEMPATH\Commands\Server\rewrite.php(43): require_once('FCPATH\\index.php')
CRITICAL - 2022-10-25 03:57:58 --> unlink(upload/3.jpg): No such file or directory
in APPPATH\Controllers\Barang.php on line 268.
 1 [internal function]: CodeIgniter\Debug\Exceptions->errorHandler(2, 'unlink(upload/3.jpg): No such file or directory', 'APPPATH\\Controllers\\Barang.php', 268)
 2 APPPATH\Controllers\Barang.php(268): unlink('upload/3.jpg')
 3 SYSTEMPATH\CodeIgniter.php(907): App\Controllers\Barang->hapus('3')
 4 SYSTEMPATH\CodeIgniter.php(457): CodeIgniter\CodeIgniter->runController(Object(App\Controllers\Barang))
 5 SYSTEMPATH\CodeIgniter.php(340): CodeIgniter\CodeIgniter->handleRequest(null, Object(Config\Cache), false)
 6 FCPATH\index.php(67): CodeIgniter\CodeIgniter->run()
 7 SYSTEMPATH\Commands\Server\rewrite.php(43): require_once('FCPATH\\index.php')
CRITICAL - 2022-10-25 03:58:31 --> unlink(): Invalid argument
in APPPATH\Controllers\Barang.php on line 268.
 1 [internal function]: CodeIgniter\Debug\Exceptions->errorHandler(2, 'unlink(): Invalid argument', 'APPPATH\\Controllers\\Barang.php', 268)
 2 APPPATH\Controllers\Barang.php(268): unlink('ROOTPATH\\public')
 3 SYSTEMPATH\CodeIgniter.php(907): App\Controllers\Barang->hapus('5')
 4 SYSTEMPATH\CodeIgniter.php(457): CodeIgniter\CodeIgniter->runController(Object(App\Controllers\Barang))
 5 SYSTEMPATH\CodeIgniter.php(340): CodeIgniter\CodeIgniter->handleRequest(null, Object(Config\Cache), false)
 6 FCPATH\index.php(67): CodeIgniter\CodeIgniter->run()
 7 SYSTEMPATH\Commands\Server\rewrite.php(43): require_once('FCPATH\\index.php')
ERROR - 2022-10-25 04:04:08 --> mysqli_sql_exception: Cannot delete or update a parent row: a foreign key constraint fails (`dbgudang`.`barang`, CONSTRAINT `barang_brgkatid_foreign` FOREIGN KEY (`brgkatid`) REFERENCES `kategori` (`katid`)) in C:\xampp\htdocs\projectweblanjut\vendor\codeigniter4\framework\system\Database\MySQLi\Connection.php:292
Stack trace:
#0 C:\xampp\htdocs\projectweblanjut\vendor\codeigniter4\framework\system\Database\MySQLi\Connection.php(292): mysqli->query('DELETE FROM `ka...', 0)
#1 C:\xampp\htdocs\projectweblanjut\vendor\codeigniter4\framework\system\Database\BaseConnection.php(693): CodeIgniter\Database\MySQLi\Connection->execute('DELETE FROM `ka...')
#2 C:\xampp\htdocs\projectweblanjut\vendor\codeigniter4\framework\system\Database\BaseConnection.php(620): CodeIgniter\Database\BaseConnection->simpleQuery('DELETE FROM `ka...')
#3 C:\xampp\htdocs\projectweblanjut\vendor\codeigniter4\framework\system\Database\BaseBuilder.php(2391): CodeIgniter\Database\BaseConnection->query('DELETE FROM `ka...', Array, false)
#4 C:\xampp\htdocs\projectweblanjut\vendor\codeigniter4\framework\system\Model.php(401): CodeIgniter\Database\BaseBuilder->delete()
#5 C:\xampp\htdocs\projectweblanjut\vendor\codeigniter4\framework\system\BaseModel.php(963): CodeIgniter\Model->doDelete(Array, false)
#6 C:\xampp\htdocs\projectweblanjut\app\Controllers\Kategori.php(133): CodeIgniter\BaseModel->delete(Array)
#7 C:\xampp\htdocs\projectweblanjut\vendor\codeigniter4\framework\system\CodeIgniter.php(907): App\Controllers\Kategori->hapus('11')
#8 C:\xampp\htdocs\projectweblanjut\vendor\codeigniter4\framework\system\CodeIgniter.php(457): CodeIgniter\CodeIgniter->runController(Object(App\Controllers\Kategori))
#9 C:\xampp\htdocs\projectweblanjut\vendor\codeigniter4\framework\system\CodeIgniter.php(340): CodeIgniter\CodeIgniter->handleRequest(NULL, Object(Config\Cache), false)
#10 C:\xampp\htdocs\projectweblanjut\public\index.php(67): CodeIgniter\CodeIgniter->run()
#11 C:\xampp\htdocs\projectweblanjut\vendor\codeigniter4\framework\system\Commands\Server\rewrite.php(43): require_once('C:\\xampp\\htdocs...')
#12 {main}
CRITICAL - 2022-10-25 04:04:08 --> Cannot delete or update a parent row: a foreign key constraint fails (`dbgudang`.`barang`, CONSTRAINT `barang_brgkatid_foreign` FOREIGN KEY (`brgkatid`) REFERENCES `kategori` (`katid`))
in SYSTEMPATH\Database\MySQLi\Connection.php on line 292.
 1 SYSTEMPATH\Database\MySQLi\Connection.php(292): mysqli->query('DELETE FROM `kategori`
WHERE `katid` IN (\'11\')', 0)
 2 SYSTEMPATH\Database\BaseConnection.php(693): CodeIgniter\Database\MySQLi\Connection->execute('DELETE FROM `kategori`
WHERE `katid` IN (\'11\')')
 3 SYSTEMPATH\Database\BaseConnection.php(620): CodeIgniter\Database\BaseConnection->simpleQuery('DELETE FROM `kategori`
WHERE `katid` IN (\'11\')')
 4 SYSTEMPATH\Database\BaseBuilder.php(2391): CodeIgniter\Database\BaseConnection->query('DELETE FROM `kategori`
WHERE `katid` IN :katid:', [...], false)
 5 SYSTEMPATH\Model.php(401): CodeIgniter\Database\BaseBuilder->delete()
 6 SYSTEMPATH\BaseModel.php(963): CodeIgniter\Model->doDelete([...], false)
 7 APPPATH\Controllers\Kategori.php(133): CodeIgniter\BaseModel->delete([...])
 8 SYSTEMPATH\CodeIgniter.php(907): App\Controllers\Kategori->hapus('11')
 9 SYSTEMPATH\CodeIgniter.php(457): CodeIgniter\CodeIgniter->runController(Object(App\Controllers\Kategori))
10 SYSTEMPATH\CodeIgniter.php(340): CodeIgniter\CodeIgniter->handleRequest(null, Object(Config\Cache), false)
11 FCPATH\index.php(67): CodeIgniter\CodeIgniter->run()
12 SYSTEMPATH\Commands\Server\rewrite.php(43): require_once('FCPATH\\index.php')
CRITICAL - 2022-10-25 04:34:48 --> Call to a member function getResultArray() on array
in APPPATH\Views\barang\viewbarang.php on line 44.
 1 SYSTEMPATH\View\View.php(213): include()
 2 SYSTEMPATH\View\View.php(216): CodeIgniter\View\View->CodeIgniter\View\{closure}()
 3 SYSTEMPATH\Common.php(1142): CodeIgniter\View\View->render('barang/viewbarang', [], true)
 4 APPPATH\Controllers\Barang.php(34): view('barang/viewbarang', [...])
 5 SYSTEMPATH\CodeIgniter.php(907): App\Controllers\Barang->index()
 6 SYSTEMPATH\CodeIgniter.php(457): CodeIgniter\CodeIgniter->runController(Object(App\Controllers\Barang))
 7 SYSTEMPATH\CodeIgniter.php(340): CodeIgniter\CodeIgniter->handleRequest(null, Object(Config\Cache), false)
 8 FCPATH\index.php(67): CodeIgniter\CodeIgniter->run()
 9 SYSTEMPATH\Commands\Server\rewrite.php(43): require_once('FCPATH\\index.php')
