CRITICAL - 2022-10-19 02:27:44 --> Cannot use object of type mysqli as array
in APPPATH\Views\barang\viewbarang.php on line 34.
 1 SYSTEMPATH\View\View.php(213): include()
 2 SYSTEMPATH\View\View.php(216): CodeIgniter\View\View->CodeIgniter\View\{closure}()
 3 SYSTEMPATH\Common.php(1142): CodeIgniter\View\View->render('barang/viewbarang', [], true)
 4 APPPATH\Controllers\Barang.php(22): view('barang/viewbarang', [...])
 5 SYSTEMPATH\CodeIgniter.php(907): App\Controllers\Barang->index()
 6 SYSTEMPATH\CodeIgniter.php(457): CodeIgniter\CodeIgniter->runController(Object(App\Controllers\Barang))
 7 SYSTEMPATH\CodeIgniter.php(340): CodeIgniter\CodeIgniter->handleRequest(null, Object(Config\Cache), false)
 8 FCPATH\index.php(67): CodeIgniter\CodeIgniter->run()
 9 SYSTEMPATH\Commands\Server\rewrite.php(43): require_once('FCPATH\\index.php')
CRITICAL - 2022-10-19 02:30:23 --> Undefined variable $pager
in APPPATH\Views\barang\viewbarang.php on line 49.
 1 APPPATH\Views\barang\viewbarang.php(49): CodeIgniter\Debug\Exceptions->errorHandler(2, 'Undefined variable $pager', 'APPPATH\\Views\\barang\\viewbarang.php', 49)
 2 SYSTEMPATH\View\View.php(213): include('APPPATH\\Views\\barang\\viewbarang.php')
 3 SYSTEMPATH\View\View.php(216): CodeIgniter\View\View->CodeIgniter\View\{closure}()
 4 SYSTEMPATH\Common.php(1142): CodeIgniter\View\View->render('barang/viewbarang', [], true)
 5 APPPATH\Controllers\Barang.php(22): view('barang/viewbarang', [...])
 6 SYSTEMPATH\CodeIgniter.php(907): App\Controllers\Barang->index()
 7 SYSTEMPATH\CodeIgniter.php(457): CodeIgniter\CodeIgniter->runController(Object(App\Controllers\Barang))
 8 SYSTEMPATH\CodeIgniter.php(340): CodeIgniter\CodeIgniter->handleRequest(null, Object(Config\Cache), false)
 9 FCPATH\index.php(67): CodeIgniter\CodeIgniter->run()
10 SYSTEMPATH\Commands\Server\rewrite.php(43): require_once('FCPATH\\index.php')
CRITICAL - 2022-10-19 02:30:27 --> Undefined variable $pager
in APPPATH\Views\barang\viewbarang.php on line 49.
 1 APPPATH\Views\barang\viewbarang.php(49): CodeIgniter\Debug\Exceptions->errorHandler(2, 'Undefined variable $pager', 'APPPATH\\Views\\barang\\viewbarang.php', 49)
 2 SYSTEMPATH\View\View.php(213): include('APPPATH\\Views\\barang\\viewbarang.php')
 3 SYSTEMPATH\View\View.php(216): CodeIgniter\View\View->CodeIgniter\View\{closure}()
 4 SYSTEMPATH\Common.php(1142): CodeIgniter\View\View->render('barang/viewbarang', [], true)
 5 APPPATH\Controllers\Barang.php(22): view('barang/viewbarang', [...])
 6 SYSTEMPATH\CodeIgniter.php(907): App\Controllers\Barang->index()
 7 SYSTEMPATH\CodeIgniter.php(457): CodeIgniter\CodeIgniter->runController(Object(App\Controllers\Barang))
 8 SYSTEMPATH\CodeIgniter.php(340): CodeIgniter\CodeIgniter->handleRequest(null, Object(Config\Cache), false)
 9 FCPATH\index.php(67): CodeIgniter\CodeIgniter->run()
10 SYSTEMPATH\Commands\Server\rewrite.php(43): require_once('FCPATH\\index.php')
CRITICAL - 2022-10-19 02:30:59 --> Cannot use object of type mysqli as array
in APPPATH\Views\barang\viewbarang.php on line 34.
 1 SYSTEMPATH\View\View.php(213): include()
 2 SYSTEMPATH\View\View.php(216): CodeIgniter\View\View->CodeIgniter\View\{closure}()
 3 SYSTEMPATH\Common.php(1142): CodeIgniter\View\View->render('barang/viewbarang', [], true)
 4 APPPATH\Controllers\Barang.php(22): view('barang/viewbarang', [...])
 5 SYSTEMPATH\CodeIgniter.php(907): App\Controllers\Barang->index()
 6 SYSTEMPATH\CodeIgniter.php(457): CodeIgniter\CodeIgniter->runController(Object(App\Controllers\Barang))
 7 SYSTEMPATH\CodeIgniter.php(340): CodeIgniter\CodeIgniter->handleRequest(null, Object(Config\Cache), false)
 8 FCPATH\index.php(67): CodeIgniter\CodeIgniter->run()
 9 SYSTEMPATH\Commands\Server\rewrite.php(43): require_once('FCPATH\\index.php')
CRITICAL - 2022-10-19 02:32:39 --> Undefined variable $pager
in APPPATH\Views\barang\viewbarang.php on line 49.
 1 APPPATH\Views\barang\viewbarang.php(49): CodeIgniter\Debug\Exceptions->errorHandler(2, 'Undefined variable $pager', 'APPPATH\\Views\\barang\\viewbarang.php', 49)
 2 SYSTEMPATH\View\View.php(213): include('APPPATH\\Views\\barang\\viewbarang.php')
 3 SYSTEMPATH\View\View.php(216): CodeIgniter\View\View->CodeIgniter\View\{closure}()
 4 SYSTEMPATH\Common.php(1142): CodeIgniter\View\View->render('barang/viewbarang', [], true)
 5 APPPATH\Controllers\Barang.php(22): view('barang/viewbarang', [...])
 6 SYSTEMPATH\CodeIgniter.php(907): App\Controllers\Barang->index()
 7 SYSTEMPATH\CodeIgniter.php(457): CodeIgniter\CodeIgniter->runController(Object(App\Controllers\Barang))
 8 SYSTEMPATH\CodeIgniter.php(340): CodeIgniter\CodeIgniter->handleRequest(null, Object(Config\Cache), false)
 9 FCPATH\index.php(67): CodeIgniter\CodeIgniter->run()
10 SYSTEMPATH\Commands\Server\rewrite.php(43): require_once('FCPATH\\index.php')
CRITICAL - 2022-10-19 02:33:16 --> Undefined variable $pager
in APPPATH\Views\barang\viewbarang.php on line 49.
 1 APPPATH\Views\barang\viewbarang.php(49): CodeIgniter\Debug\Exceptions->errorHandler(2, 'Undefined variable $pager', 'APPPATH\\Views\\barang\\viewbarang.php', 49)
 2 SYSTEMPATH\View\View.php(213): include('APPPATH\\Views\\barang\\viewbarang.php')
 3 SYSTEMPATH\View\View.php(216): CodeIgniter\View\View->CodeIgniter\View\{closure}()
 4 SYSTEMPATH\Common.php(1142): CodeIgniter\View\View->render('barang/viewbarang', [], true)
 5 APPPATH\Controllers\Barang.php(22): view('barang/viewbarang', [...])
 6 SYSTEMPATH\CodeIgniter.php(907): App\Controllers\Barang->index()
 7 SYSTEMPATH\CodeIgniter.php(457): CodeIgniter\CodeIgniter->runController(Object(App\Controllers\Barang))
 8 SYSTEMPATH\CodeIgniter.php(340): CodeIgniter\CodeIgniter->handleRequest(null, Object(Config\Cache), false)
 9 FCPATH\index.php(67): CodeIgniter\CodeIgniter->run()
10 SYSTEMPATH\Commands\Server\rewrite.php(43): require_once('FCPATH\\index.php')
CRITICAL - 2022-10-19 02:34:25 --> Undefined variable $pager
in APPPATH\Views\barang\viewbarang.php on line 49.
 1 APPPATH\Views\barang\viewbarang.php(49): CodeIgniter\Debug\Exceptions->errorHandler(2, 'Undefined variable $pager', 'APPPATH\\Views\\barang\\viewbarang.php', 49)
 2 SYSTEMPATH\View\View.php(213): include('APPPATH\\Views\\barang\\viewbarang.php')
 3 SYSTEMPATH\View\View.php(216): CodeIgniter\View\View->CodeIgniter\View\{closure}()
 4 SYSTEMPATH\Common.php(1142): CodeIgniter\View\View->render('barang/viewbarang', [], true)
 5 APPPATH\Controllers\Barang.php(22): view('barang/viewbarang', [...])
 6 SYSTEMPATH\CodeIgniter.php(907): App\Controllers\Barang->index()
 7 SYSTEMPATH\CodeIgniter.php(457): CodeIgniter\CodeIgniter->runController(Object(App\Controllers\Barang))
 8 SYSTEMPATH\CodeIgniter.php(340): CodeIgniter\CodeIgniter->handleRequest(null, Object(Config\Cache), false)
 9 FCPATH\index.php(67): CodeIgniter\CodeIgniter->run()
10 SYSTEMPATH\Commands\Server\rewrite.php(43): require_once('FCPATH\\index.php')
CRITICAL - 2022-10-19 02:34:26 --> Undefined variable $pager
in APPPATH\Views\barang\viewbarang.php on line 49.
 1 APPPATH\Views\barang\viewbarang.php(49): CodeIgniter\Debug\Exceptions->errorHandler(2, 'Undefined variable $pager', 'APPPATH\\Views\\barang\\viewbarang.php', 49)
 2 SYSTEMPATH\View\View.php(213): include('APPPATH\\Views\\barang\\viewbarang.php')
 3 SYSTEMPATH\View\View.php(216): CodeIgniter\View\View->CodeIgniter\View\{closure}()
 4 SYSTEMPATH\Common.php(1142): CodeIgniter\View\View->render('barang/viewbarang', [], true)
 5 APPPATH\Controllers\Barang.php(22): view('barang/viewbarang', [...])
 6 SYSTEMPATH\CodeIgniter.php(907): App\Controllers\Barang->index()
 7 SYSTEMPATH\CodeIgniter.php(457): CodeIgniter\CodeIgniter->runController(Object(App\Controllers\Barang))
 8 SYSTEMPATH\CodeIgniter.php(340): CodeIgniter\CodeIgniter->handleRequest(null, Object(Config\Cache), false)
 9 FCPATH\index.php(67): CodeIgniter\CodeIgniter->run()
10 SYSTEMPATH\Commands\Server\rewrite.php(43): require_once('FCPATH\\index.php')
CRITICAL - 2022-10-19 02:38:59 --> Undefined variable $pager
in APPPATH\Views\barang\viewbarang.php on line 49.
 1 APPPATH\Views\barang\viewbarang.php(49): CodeIgniter\Debug\Exceptions->errorHandler(2, 'Undefined variable $pager', 'APPPATH\\Views\\barang\\viewbarang.php', 49)
 2 SYSTEMPATH\View\View.php(213): include('APPPATH\\Views\\barang\\viewbarang.php')
 3 SYSTEMPATH\View\View.php(216): CodeIgniter\View\View->CodeIgniter\View\{closure}()
 4 SYSTEMPATH\Common.php(1142): CodeIgniter\View\View->render('barang/viewbarang', [], true)
 5 APPPATH\Controllers\Barang.php(22): view('barang/viewbarang', [...])
 6 SYSTEMPATH\CodeIgniter.php(907): App\Controllers\Barang->index()
 7 SYSTEMPATH\CodeIgniter.php(457): CodeIgniter\CodeIgniter->runController(Object(App\Controllers\Barang))
 8 SYSTEMPATH\CodeIgniter.php(340): CodeIgniter\CodeIgniter->handleRequest(null, Object(Config\Cache), false)
 9 FCPATH\index.php(67): CodeIgniter\CodeIgniter->run()
10 SYSTEMPATH\Commands\Server\rewrite.php(43): require_once('FCPATH\\index.php')
CRITICAL - 2022-10-19 02:40:48 --> Undefined variable $pager
in APPPATH\Views\barang\viewbarang.php on line 49.
 1 APPPATH\Views\barang\viewbarang.php(49): CodeIgniter\Debug\Exceptions->errorHandler(2, 'Undefined variable $pager', 'APPPATH\\Views\\barang\\viewbarang.php', 49)
 2 SYSTEMPATH\View\View.php(213): include('APPPATH\\Views\\barang\\viewbarang.php')
 3 SYSTEMPATH\View\View.php(216): CodeIgniter\View\View->CodeIgniter\View\{closure}()
 4 SYSTEMPATH\Common.php(1142): CodeIgniter\View\View->render('barang/viewbarang', [], true)
 5 APPPATH\Controllers\Barang.php(22): view('barang/viewbarang', [...])
 6 SYSTEMPATH\CodeIgniter.php(907): App\Controllers\Barang->index()
 7 SYSTEMPATH\CodeIgniter.php(457): CodeIgniter\CodeIgniter->runController(Object(App\Controllers\Barang))
 8 SYSTEMPATH\CodeIgniter.php(340): CodeIgniter\CodeIgniter->handleRequest(null, Object(Config\Cache), false)
 9 FCPATH\index.php(67): CodeIgniter\CodeIgniter->run()
10 SYSTEMPATH\Commands\Server\rewrite.php(43): require_once('FCPATH\\index.php')
CRITICAL - 2022-10-19 02:41:24 --> Object of type CodeIgniter\Database\MySQLi\Result is not callable
in APPPATH\Views\barang\viewbarang.php on line 30.
 1 SYSTEMPATH\View\View.php(213): include()
 2 SYSTEMPATH\View\View.php(216): CodeIgniter\View\View->CodeIgniter\View\{closure}()
 3 SYSTEMPATH\Common.php(1142): CodeIgniter\View\View->render('barang/viewbarang', [], true)
 4 APPPATH\Controllers\Barang.php(22): view('barang/viewbarang', [...])
 5 SYSTEMPATH\CodeIgniter.php(907): App\Controllers\Barang->index()
 6 SYSTEMPATH\CodeIgniter.php(457): CodeIgniter\CodeIgniter->runController(Object(App\Controllers\Barang))
 7 SYSTEMPATH\CodeIgniter.php(340): CodeIgniter\CodeIgniter->handleRequest(null, Object(Config\Cache), false)
 8 FCPATH\index.php(67): CodeIgniter\CodeIgniter->run()
 9 SYSTEMPATH\Commands\Server\rewrite.php(43): require_once('FCPATH\\index.php')
CRITICAL - 2022-10-19 02:42:05 --> Cannot use object of type mysqli as array
in APPPATH\Views\barang\viewbarang.php on line 34.
 1 SYSTEMPATH\View\View.php(213): include()
 2 SYSTEMPATH\View\View.php(216): CodeIgniter\View\View->CodeIgniter\View\{closure}()
 3 SYSTEMPATH\Common.php(1142): CodeIgniter\View\View->render('barang/viewbarang', [], true)
 4 APPPATH\Controllers\Barang.php(22): view('barang/viewbarang', [...])
 5 SYSTEMPATH\CodeIgniter.php(907): App\Controllers\Barang->index()
 6 SYSTEMPATH\CodeIgniter.php(457): CodeIgniter\CodeIgniter->runController(Object(App\Controllers\Barang))
 7 SYSTEMPATH\CodeIgniter.php(340): CodeIgniter\CodeIgniter->handleRequest(null, Object(Config\Cache), false)
 8 FCPATH\index.php(67): CodeIgniter\CodeIgniter->run()
 9 SYSTEMPATH\Commands\Server\rewrite.php(43): require_once('FCPATH\\index.php')
CRITICAL - 2022-10-19 02:43:42 --> Cannot use object of type mysqli as array
in APPPATH\Views\barang\viewbarang.php on line 34.
 1 SYSTEMPATH\View\View.php(213): include()
 2 SYSTEMPATH\View\View.php(216): CodeIgniter\View\View->CodeIgniter\View\{closure}()
 3 SYSTEMPATH\Common.php(1142): CodeIgniter\View\View->render('barang/viewbarang', [], true)
 4 APPPATH\Controllers\Barang.php(22): view('barang/viewbarang', [...])
 5 SYSTEMPATH\CodeIgniter.php(907): App\Controllers\Barang->index()
 6 SYSTEMPATH\CodeIgniter.php(457): CodeIgniter\CodeIgniter->runController(Object(App\Controllers\Barang))
 7 SYSTEMPATH\CodeIgniter.php(340): CodeIgniter\CodeIgniter->handleRequest(null, Object(Config\Cache), false)
 8 FCPATH\index.php(67): CodeIgniter\CodeIgniter->run()
 9 SYSTEMPATH\Commands\Server\rewrite.php(43): require_once('FCPATH\\index.php')
CRITICAL - 2022-10-19 02:43:44 --> Cannot use object of type mysqli as array
in APPPATH\Views\barang\viewbarang.php on line 34.
 1 SYSTEMPATH\View\View.php(213): include()
 2 SYSTEMPATH\View\View.php(216): CodeIgniter\View\View->CodeIgniter\View\{closure}()
 3 SYSTEMPATH\Common.php(1142): CodeIgniter\View\View->render('barang/viewbarang', [], true)
 4 APPPATH\Controllers\Barang.php(22): view('barang/viewbarang', [...])
 5 SYSTEMPATH\CodeIgniter.php(907): App\Controllers\Barang->index()
 6 SYSTEMPATH\CodeIgniter.php(457): CodeIgniter\CodeIgniter->runController(Object(App\Controllers\Barang))
 7 SYSTEMPATH\CodeIgniter.php(340): CodeIgniter\CodeIgniter->handleRequest(null, Object(Config\Cache), false)
 8 FCPATH\index.php(67): CodeIgniter\CodeIgniter->run()
 9 SYSTEMPATH\Commands\Server\rewrite.php(43): require_once('FCPATH\\index.php')
CRITICAL - 2022-10-19 02:43:45 --> Cannot use object of type mysqli as array
in APPPATH\Views\barang\viewbarang.php on line 34.
 1 SYSTEMPATH\View\View.php(213): include()
 2 SYSTEMPATH\View\View.php(216): CodeIgniter\View\View->CodeIgniter\View\{closure}()
 3 SYSTEMPATH\Common.php(1142): CodeIgniter\View\View->render('barang/viewbarang', [], true)
 4 APPPATH\Controllers\Barang.php(22): view('barang/viewbarang', [...])
 5 SYSTEMPATH\CodeIgniter.php(907): App\Controllers\Barang->index()
 6 SYSTEMPATH\CodeIgniter.php(457): CodeIgniter\CodeIgniter->runController(Object(App\Controllers\Barang))
 7 SYSTEMPATH\CodeIgniter.php(340): CodeIgniter\CodeIgniter->handleRequest(null, Object(Config\Cache), false)
 8 FCPATH\index.php(67): CodeIgniter\CodeIgniter->run()
 9 SYSTEMPATH\Commands\Server\rewrite.php(43): require_once('FCPATH\\index.php')
CRITICAL - 2022-10-19 02:45:07 --> Undefined variable $pager
in APPPATH\Views\barang\viewbarang.php on line 49.
 1 APPPATH\Views\barang\viewbarang.php(49): CodeIgniter\Debug\Exceptions->errorHandler(2, 'Undefined variable $pager', 'APPPATH\\Views\\barang\\viewbarang.php', 49)
 2 SYSTEMPATH\View\View.php(213): include('APPPATH\\Views\\barang\\viewbarang.php')
 3 SYSTEMPATH\View\View.php(216): CodeIgniter\View\View->CodeIgniter\View\{closure}()
 4 SYSTEMPATH\Common.php(1142): CodeIgniter\View\View->render('barang/viewbarang', [], true)
 5 APPPATH\Controllers\Barang.php(22): view('barang/viewbarang', [...])
 6 SYSTEMPATH\CodeIgniter.php(907): App\Controllers\Barang->index()
 7 SYSTEMPATH\CodeIgniter.php(457): CodeIgniter\CodeIgniter->runController(Object(App\Controllers\Barang))
 8 SYSTEMPATH\CodeIgniter.php(340): CodeIgniter\CodeIgniter->handleRequest(null, Object(Config\Cache), false)
 9 FCPATH\index.php(67): CodeIgniter\CodeIgniter->run()
10 SYSTEMPATH\Commands\Server\rewrite.php(43): require_once('FCPATH\\index.php')
CRITICAL - 2022-10-19 02:48:24 --> Undefined variable $pager
in APPPATH\Views\barang\viewbarang.php on line 49.
 1 APPPATH\Views\barang\viewbarang.php(49): CodeIgniter\Debug\Exceptions->errorHandler(2, 'Undefined variable $pager', 'APPPATH\\Views\\barang\\viewbarang.php', 49)
 2 SYSTEMPATH\View\View.php(213): include('APPPATH\\Views\\barang\\viewbarang.php')
 3 SYSTEMPATH\View\View.php(216): CodeIgniter\View\View->CodeIgniter\View\{closure}()
 4 SYSTEMPATH\Common.php(1142): CodeIgniter\View\View->render('barang/viewbarang', [], true)
 5 APPPATH\Controllers\Barang.php(22): view('barang/viewbarang', [...])
 6 SYSTEMPATH\CodeIgniter.php(907): App\Controllers\Barang->index()
 7 SYSTEMPATH\CodeIgniter.php(457): CodeIgniter\CodeIgniter->runController(Object(App\Controllers\Barang))
 8 SYSTEMPATH\CodeIgniter.php(340): CodeIgniter\CodeIgniter->handleRequest(null, Object(Config\Cache), false)
 9 FCPATH\index.php(67): CodeIgniter\CodeIgniter->run()
10 SYSTEMPATH\Commands\Server\rewrite.php(43): require_once('FCPATH\\index.php')
CRITICAL - 2022-10-19 02:54:46 --> View themes, no current section.
in SYSTEMPATH\View\View.php on line 392.
 1 APPPATH\Views\barang\viewbarang.php(49): CodeIgniter\View\View->endSection('isi')
 2 SYSTEMPATH\View\View.php(213): include('APPPATH\\Views\\barang\\viewbarang.php')
 3 SYSTEMPATH\View\View.php(216): CodeIgniter\View\View->CodeIgniter\View\{closure}()
 4 SYSTEMPATH\Common.php(1142): CodeIgniter\View\View->render('barang/viewbarang', [], true)
 5 APPPATH\Controllers\Barang.php(22): view('barang/viewbarang', [...])
 6 SYSTEMPATH\CodeIgniter.php(907): App\Controllers\Barang->index()
 7 SYSTEMPATH\CodeIgniter.php(457): CodeIgniter\CodeIgniter->runController(Object(App\Controllers\Barang))
 8 SYSTEMPATH\CodeIgniter.php(340): CodeIgniter\CodeIgniter->handleRequest(null, Object(Config\Cache), false)
 9 FCPATH\index.php(67): CodeIgniter\CodeIgniter->run()
10 SYSTEMPATH\Commands\Server\rewrite.php(43): require_once('FCPATH\\index.php')
CRITICAL - 2022-10-19 02:54:47 --> View themes, no current section.
in SYSTEMPATH\View\View.php on line 392.
 1 APPPATH\Views\barang\viewbarang.php(49): CodeIgniter\View\View->endSection('isi')
 2 SYSTEMPATH\View\View.php(213): include('APPPATH\\Views\\barang\\viewbarang.php')
 3 SYSTEMPATH\View\View.php(216): CodeIgniter\View\View->CodeIgniter\View\{closure}()
 4 SYSTEMPATH\Common.php(1142): CodeIgniter\View\View->render('barang/viewbarang', [], true)
 5 APPPATH\Controllers\Barang.php(22): view('barang/viewbarang', [...])
 6 SYSTEMPATH\CodeIgniter.php(907): App\Controllers\Barang->index()
 7 SYSTEMPATH\CodeIgniter.php(457): CodeIgniter\CodeIgniter->runController(Object(App\Controllers\Barang))
 8 SYSTEMPATH\CodeIgniter.php(340): CodeIgniter\CodeIgniter->handleRequest(null, Object(Config\Cache), false)
 9 FCPATH\index.php(67): CodeIgniter\CodeIgniter->run()
10 SYSTEMPATH\Commands\Server\rewrite.php(43): require_once('FCPATH\\index.php')
CRITICAL - 2022-10-19 02:55:24 --> Undefined variable $pager
in APPPATH\Views\barang\viewbarang.php on line 49.
 1 APPPATH\Views\barang\viewbarang.php(49): CodeIgniter\Debug\Exceptions->errorHandler(2, 'Undefined variable $pager', 'APPPATH\\Views\\barang\\viewbarang.php', 49)
 2 SYSTEMPATH\View\View.php(213): include('APPPATH\\Views\\barang\\viewbarang.php')
 3 SYSTEMPATH\View\View.php(216): CodeIgniter\View\View->CodeIgniter\View\{closure}()
 4 SYSTEMPATH\Common.php(1142): CodeIgniter\View\View->render('barang/viewbarang', [], true)
 5 APPPATH\Controllers\Barang.php(22): view('barang/viewbarang', [...])
 6 SYSTEMPATH\CodeIgniter.php(907): App\Controllers\Barang->index()
 7 SYSTEMPATH\CodeIgniter.php(457): CodeIgniter\CodeIgniter->runController(Object(App\Controllers\Barang))
 8 SYSTEMPATH\CodeIgniter.php(340): CodeIgniter\CodeIgniter->handleRequest(null, Object(Config\Cache), false)
 9 FCPATH\index.php(67): CodeIgniter\CodeIgniter->run()
10 SYSTEMPATH\Commands\Server\rewrite.php(43): require_once('FCPATH\\index.php')
CRITICAL - 2022-10-19 03:50:48 --> Undefined variable $kat
in APPPATH\Views\barang\formtambah.php on line 36.
 1 APPPATH\Views\barang\formtambah.php(36): CodeIgniter\Debug\Exceptions->errorHandler(2, 'Undefined variable $kat', 'APPPATH\\Views\\barang\\formtambah.php', 36)
 2 SYSTEMPATH\View\View.php(213): include('APPPATH\\Views\\barang\\formtambah.php')
 3 SYSTEMPATH\View\View.php(216): CodeIgniter\View\View->CodeIgniter\View\{closure}()
 4 SYSTEMPATH\Common.php(1142): CodeIgniter\View\View->render('barang/formtambah', [], true)
 5 APPPATH\Controllers\Barang.php(31): view('barang/formtambah', [...])
 6 SYSTEMPATH\CodeIgniter.php(907): App\Controllers\Barang->tambah()
 7 SYSTEMPATH\CodeIgniter.php(457): CodeIgniter\CodeIgniter->runController(Object(App\Controllers\Barang))
 8 SYSTEMPATH\CodeIgniter.php(340): CodeIgniter\CodeIgniter->handleRequest(null, Object(Config\Cache), false)
 9 FCPATH\index.php(67): CodeIgniter\CodeIgniter->run()
10 SYSTEMPATH\Commands\Server\rewrite.php(43): require_once('FCPATH\\index.php')
CRITICAL - 2022-10-19 03:50:55 --> Undefined variable $kat
in APPPATH\Views\barang\formtambah.php on line 36.
 1 APPPATH\Views\barang\formtambah.php(36): CodeIgniter\Debug\Exceptions->errorHandler(2, 'Undefined variable $kat', 'APPPATH\\Views\\barang\\formtambah.php', 36)
 2 SYSTEMPATH\View\View.php(213): include('APPPATH\\Views\\barang\\formtambah.php')
 3 SYSTEMPATH\View\View.php(216): CodeIgniter\View\View->CodeIgniter\View\{closure}()
 4 SYSTEMPATH\Common.php(1142): CodeIgniter\View\View->render('barang/formtambah', [], true)
 5 APPPATH\Controllers\Barang.php(31): view('barang/formtambah', [...])
 6 SYSTEMPATH\CodeIgniter.php(907): App\Controllers\Barang->tambah()
 7 SYSTEMPATH\CodeIgniter.php(457): CodeIgniter\CodeIgniter->runController(Object(App\Controllers\Barang))
 8 SYSTEMPATH\CodeIgniter.php(340): CodeIgniter\CodeIgniter->handleRequest(null, Object(Config\Cache), false)
 9 FCPATH\index.php(67): CodeIgniter\CodeIgniter->run()
10 SYSTEMPATH\Commands\Server\rewrite.php(43): require_once('FCPATH\\index.php')
CRITICAL - 2022-10-19 03:52:46 --> Undefined variable $kat
in APPPATH\Views\barang\formtambah.php on line 36.
 1 APPPATH\Views\barang\formtambah.php(36): CodeIgniter\Debug\Exceptions->errorHandler(2, 'Undefined variable $kat', 'APPPATH\\Views\\barang\\formtambah.php', 36)
 2 SYSTEMPATH\View\View.php(213): include('APPPATH\\Views\\barang\\formtambah.php')
 3 SYSTEMPATH\View\View.php(216): CodeIgniter\View\View->CodeIgniter\View\{closure}()
 4 SYSTEMPATH\Common.php(1142): CodeIgniter\View\View->render('barang/formtambah', [], true)
 5 APPPATH\Controllers\Barang.php(31): view('barang/formtambah', [...])
 6 SYSTEMPATH\CodeIgniter.php(907): App\Controllers\Barang->tambah()
 7 SYSTEMPATH\CodeIgniter.php(457): CodeIgniter\CodeIgniter->runController(Object(App\Controllers\Barang))
 8 SYSTEMPATH\CodeIgniter.php(340): CodeIgniter\CodeIgniter->handleRequest(null, Object(Config\Cache), false)
 9 FCPATH\index.php(67): CodeIgniter\CodeIgniter->run()
10 SYSTEMPATH\Commands\Server\rewrite.php(43): require_once('FCPATH\\index.php')
CRITICAL - 2022-10-19 04:00:38 --> Undefined variable $kat
in APPPATH\Views\barang\formtambah.php on line 34.
 1 APPPATH\Views\barang\formtambah.php(34): CodeIgniter\Debug\Exceptions->errorHandler(2, 'Undefined variable $kat', 'APPPATH\\Views\\barang\\formtambah.php', 34)
 2 SYSTEMPATH\View\View.php(213): include('APPPATH\\Views\\barang\\formtambah.php')
 3 SYSTEMPATH\View\View.php(216): CodeIgniter\View\View->CodeIgniter\View\{closure}()
 4 SYSTEMPATH\Common.php(1142): CodeIgniter\View\View->render('barang/formtambah', [], true)
 5 APPPATH\Controllers\Barang.php(31): view('barang/formtambah', [...])
 6 SYSTEMPATH\CodeIgniter.php(907): App\Controllers\Barang->tambah()
 7 SYSTEMPATH\CodeIgniter.php(457): CodeIgniter\CodeIgniter->runController(Object(App\Controllers\Barang))
 8 SYSTEMPATH\CodeIgniter.php(340): CodeIgniter\CodeIgniter->handleRequest(null, Object(Config\Cache), false)
 9 FCPATH\index.php(67): CodeIgniter\CodeIgniter->run()
10 SYSTEMPATH\Commands\Server\rewrite.php(43): require_once('FCPATH\\index.php')
CRITICAL - 2022-10-19 04:02:06 --> Undefined variable $kat
in APPPATH\Views\barang\formtambah.php on line 34.
 1 APPPATH\Views\barang\formtambah.php(34): CodeIgniter\Debug\Exceptions->errorHandler(2, 'Undefined variable $kat', 'APPPATH\\Views\\barang\\formtambah.php', 34)
 2 SYSTEMPATH\View\View.php(213): include('APPPATH\\Views\\barang\\formtambah.php')
 3 SYSTEMPATH\View\View.php(216): CodeIgniter\View\View->CodeIgniter\View\{closure}()
 4 SYSTEMPATH\Common.php(1142): CodeIgniter\View\View->render('barang/formtambah', [], true)
 5 APPPATH\Controllers\Barang.php(31): view('barang/formtambah', [...])
 6 SYSTEMPATH\CodeIgniter.php(907): App\Controllers\Barang->tambah()
 7 SYSTEMPATH\CodeIgniter.php(457): CodeIgniter\CodeIgniter->runController(Object(App\Controllers\Barang))
 8 SYSTEMPATH\CodeIgniter.php(340): CodeIgniter\CodeIgniter->handleRequest(null, Object(Config\Cache), false)
 9 FCPATH\index.php(67): CodeIgniter\CodeIgniter->run()
10 SYSTEMPATH\Commands\Server\rewrite.php(43): require_once('FCPATH\\index.php')
CRITICAL - 2022-10-19 04:07:56 --> Undefined variable $kat
in APPPATH\Views\barang\formtambah.php on line 34.
 1 APPPATH\Views\barang\formtambah.php(34): CodeIgniter\Debug\Exceptions->errorHandler(2, 'Undefined variable $kat', 'APPPATH\\Views\\barang\\formtambah.php', 34)
 2 SYSTEMPATH\View\View.php(213): include('APPPATH\\Views\\barang\\formtambah.php')
 3 SYSTEMPATH\View\View.php(216): CodeIgniter\View\View->CodeIgniter\View\{closure}()
 4 SYSTEMPATH\Common.php(1142): CodeIgniter\View\View->render('barang/formtambah', [], true)
 5 APPPATH\Controllers\Barang.php(31): view('barang/formtambah', [...])
 6 SYSTEMPATH\CodeIgniter.php(907): App\Controllers\Barang->tambah()
 7 SYSTEMPATH\CodeIgniter.php(457): CodeIgniter\CodeIgniter->runController(Object(App\Controllers\Barang))
 8 SYSTEMPATH\CodeIgniter.php(340): CodeIgniter\CodeIgniter->handleRequest(null, Object(Config\Cache), false)
 9 FCPATH\index.php(67): CodeIgniter\CodeIgniter->run()
10 SYSTEMPATH\Commands\Server\rewrite.php(43): require_once('FCPATH\\index.php')
CRITICAL - 2022-10-19 04:07:57 --> Undefined variable $kat
in APPPATH\Views\barang\formtambah.php on line 34.
 1 APPPATH\Views\barang\formtambah.php(34): CodeIgniter\Debug\Exceptions->errorHandler(2, 'Undefined variable $kat', 'APPPATH\\Views\\barang\\formtambah.php', 34)
 2 SYSTEMPATH\View\View.php(213): include('APPPATH\\Views\\barang\\formtambah.php')
 3 SYSTEMPATH\View\View.php(216): CodeIgniter\View\View->CodeIgniter\View\{closure}()
 4 SYSTEMPATH\Common.php(1142): CodeIgniter\View\View->render('barang/formtambah', [], true)
 5 APPPATH\Controllers\Barang.php(31): view('barang/formtambah', [...])
 6 SYSTEMPATH\CodeIgniter.php(907): App\Controllers\Barang->tambah()
 7 SYSTEMPATH\CodeIgniter.php(457): CodeIgniter\CodeIgniter->runController(Object(App\Controllers\Barang))
 8 SYSTEMPATH\CodeIgniter.php(340): CodeIgniter\CodeIgniter->handleRequest(null, Object(Config\Cache), false)
 9 FCPATH\index.php(67): CodeIgniter\CodeIgniter->run()
10 SYSTEMPATH\Commands\Server\rewrite.php(43): require_once('FCPATH\\index.php')
CRITICAL - 2022-10-19 04:07:58 --> Undefined variable $kat
in APPPATH\Views\barang\formtambah.php on line 34.
 1 APPPATH\Views\barang\formtambah.php(34): CodeIgniter\Debug\Exceptions->errorHandler(2, 'Undefined variable $kat', 'APPPATH\\Views\\barang\\formtambah.php', 34)
 2 SYSTEMPATH\View\View.php(213): include('APPPATH\\Views\\barang\\formtambah.php')
 3 SYSTEMPATH\View\View.php(216): CodeIgniter\View\View->CodeIgniter\View\{closure}()
 4 SYSTEMPATH\Common.php(1142): CodeIgniter\View\View->render('barang/formtambah', [], true)
 5 APPPATH\Controllers\Barang.php(31): view('barang/formtambah', [...])
 6 SYSTEMPATH\CodeIgniter.php(907): App\Controllers\Barang->tambah()
 7 SYSTEMPATH\CodeIgniter.php(457): CodeIgniter\CodeIgniter->runController(Object(App\Controllers\Barang))
 8 SYSTEMPATH\CodeIgniter.php(340): CodeIgniter\CodeIgniter->handleRequest(null, Object(Config\Cache), false)
 9 FCPATH\index.php(67): CodeIgniter\CodeIgniter->run()
10 SYSTEMPATH\Commands\Server\rewrite.php(43): require_once('FCPATH\\index.php')
CRITICAL - 2022-10-19 04:07:58 --> Undefined variable $kat
in APPPATH\Views\barang\formtambah.php on line 34.
 1 APPPATH\Views\barang\formtambah.php(34): CodeIgniter\Debug\Exceptions->errorHandler(2, 'Undefined variable $kat', 'APPPATH\\Views\\barang\\formtambah.php', 34)
 2 SYSTEMPATH\View\View.php(213): include('APPPATH\\Views\\barang\\formtambah.php')
 3 SYSTEMPATH\View\View.php(216): CodeIgniter\View\View->CodeIgniter\View\{closure}()
 4 SYSTEMPATH\Common.php(1142): CodeIgniter\View\View->render('barang/formtambah', [], true)
 5 APPPATH\Controllers\Barang.php(31): view('barang/formtambah', [...])
 6 SYSTEMPATH\CodeIgniter.php(907): App\Controllers\Barang->tambah()
 7 SYSTEMPATH\CodeIgniter.php(457): CodeIgniter\CodeIgniter->runController(Object(App\Controllers\Barang))
 8 SYSTEMPATH\CodeIgniter.php(340): CodeIgniter\CodeIgniter->handleRequest(null, Object(Config\Cache), false)
 9 FCPATH\index.php(67): CodeIgniter\CodeIgniter->run()
10 SYSTEMPATH\Commands\Server\rewrite.php(43): require_once('FCPATH\\index.php')
CRITICAL - 2022-10-19 04:07:58 --> Undefined variable $kat
in APPPATH\Views\barang\formtambah.php on line 34.
 1 APPPATH\Views\barang\formtambah.php(34): CodeIgniter\Debug\Exceptions->errorHandler(2, 'Undefined variable $kat', 'APPPATH\\Views\\barang\\formtambah.php', 34)
 2 SYSTEMPATH\View\View.php(213): include('APPPATH\\Views\\barang\\formtambah.php')
 3 SYSTEMPATH\View\View.php(216): CodeIgniter\View\View->CodeIgniter\View\{closure}()
 4 SYSTEMPATH\Common.php(1142): CodeIgniter\View\View->render('barang/formtambah', [], true)
 5 APPPATH\Controllers\Barang.php(31): view('barang/formtambah', [...])
 6 SYSTEMPATH\CodeIgniter.php(907): App\Controllers\Barang->tambah()
 7 SYSTEMPATH\CodeIgniter.php(457): CodeIgniter\CodeIgniter->runController(Object(App\Controllers\Barang))
 8 SYSTEMPATH\CodeIgniter.php(340): CodeIgniter\CodeIgniter->handleRequest(null, Object(Config\Cache), false)
 9 FCPATH\index.php(67): CodeIgniter\CodeIgniter->run()
10 SYSTEMPATH\Commands\Server\rewrite.php(43): require_once('FCPATH\\index.php')
CRITICAL - 2022-10-19 04:08:46 --> Undefined variable $Kat
in APPPATH\Views\barang\formtambah.php on line 34.
 1 APPPATH\Views\barang\formtambah.php(34): CodeIgniter\Debug\Exceptions->errorHandler(2, 'Undefined variable $Kat', 'APPPATH\\Views\\barang\\formtambah.php', 34)
 2 SYSTEMPATH\View\View.php(213): include('APPPATH\\Views\\barang\\formtambah.php')
 3 SYSTEMPATH\View\View.php(216): CodeIgniter\View\View->CodeIgniter\View\{closure}()
 4 SYSTEMPATH\Common.php(1142): CodeIgniter\View\View->render('barang/formtambah', [], true)
 5 APPPATH\Controllers\Barang.php(31): view('barang/formtambah', [...])
 6 SYSTEMPATH\CodeIgniter.php(907): App\Controllers\Barang->tambah()
 7 SYSTEMPATH\CodeIgniter.php(457): CodeIgniter\CodeIgniter->runController(Object(App\Controllers\Barang))
 8 SYSTEMPATH\CodeIgniter.php(340): CodeIgniter\CodeIgniter->handleRequest(null, Object(Config\Cache), false)
 9 FCPATH\index.php(67): CodeIgniter\CodeIgniter->run()
10 SYSTEMPATH\Commands\Server\rewrite.php(43): require_once('FCPATH\\index.php')
CRITICAL - 2022-10-19 04:09:39 --> Undefined variable $kat
in APPPATH\Views\barang\formtambah.php on line 34.
 1 APPPATH\Views\barang\formtambah.php(34): CodeIgniter\Debug\Exceptions->errorHandler(2, 'Undefined variable $kat', 'APPPATH\\Views\\barang\\formtambah.php', 34)
 2 SYSTEMPATH\View\View.php(213): include('APPPATH\\Views\\barang\\formtambah.php')
 3 SYSTEMPATH\View\View.php(216): CodeIgniter\View\View->CodeIgniter\View\{closure}()
 4 SYSTEMPATH\Common.php(1142): CodeIgniter\View\View->render('barang/formtambah', [], true)
 5 APPPATH\Controllers\Barang.php(31): view('barang/formtambah', [...])
 6 SYSTEMPATH\CodeIgniter.php(907): App\Controllers\Barang->tambah()
 7 SYSTEMPATH\CodeIgniter.php(457): CodeIgniter\CodeIgniter->runController(Object(App\Controllers\Barang))
 8 SYSTEMPATH\CodeIgniter.php(340): CodeIgniter\CodeIgniter->handleRequest(null, Object(Config\Cache), false)
 9 FCPATH\index.php(67): CodeIgniter\CodeIgniter->run()
10 SYSTEMPATH\Commands\Server\rewrite.php(43): require_once('FCPATH\\index.php')
CRITICAL - 2022-10-19 04:09:44 --> Undefined variable $kat
in APPPATH\Views\barang\formtambah.php on line 34.
 1 APPPATH\Views\barang\formtambah.php(34): CodeIgniter\Debug\Exceptions->errorHandler(2, 'Undefined variable $kat', 'APPPATH\\Views\\barang\\formtambah.php', 34)
 2 SYSTEMPATH\View\View.php(213): include('APPPATH\\Views\\barang\\formtambah.php')
 3 SYSTEMPATH\View\View.php(216): CodeIgniter\View\View->CodeIgniter\View\{closure}()
 4 SYSTEMPATH\Common.php(1142): CodeIgniter\View\View->render('barang/formtambah', [], true)
 5 APPPATH\Controllers\Barang.php(31): view('barang/formtambah', [...])
 6 SYSTEMPATH\CodeIgniter.php(907): App\Controllers\Barang->tambah()
 7 SYSTEMPATH\CodeIgniter.php(457): CodeIgniter\CodeIgniter->runController(Object(App\Controllers\Barang))
 8 SYSTEMPATH\CodeIgniter.php(340): CodeIgniter\CodeIgniter->handleRequest(null, Object(Config\Cache), false)
 9 FCPATH\index.php(67): CodeIgniter\CodeIgniter->run()
10 SYSTEMPATH\Commands\Server\rewrite.php(43): require_once('FCPATH\\index.php')
CRITICAL - 2022-10-19 10:15:02 --> Undefined variable $kat
in APPPATH\Views\barang\formtambah.php on line 36.
 1 APPPATH\Views\barang\formtambah.php(36): CodeIgniter\Debug\Exceptions->errorHandler(2, 'Undefined variable $kat', 'APPPATH\\Views\\barang\\formtambah.php', 36)
 2 SYSTEMPATH\View\View.php(213): include('APPPATH\\Views\\barang\\formtambah.php')
 3 SYSTEMPATH\View\View.php(216): CodeIgniter\View\View->CodeIgniter\View\{closure}()
 4 SYSTEMPATH\Common.php(1142): CodeIgniter\View\View->render('barang/formtambah', [], true)
 5 APPPATH\Controllers\Barang.php(31): view('barang/formtambah', [...])
 6 SYSTEMPATH\CodeIgniter.php(907): App\Controllers\Barang->tambah()
 7 SYSTEMPATH\CodeIgniter.php(457): CodeIgniter\CodeIgniter->runController(Object(App\Controllers\Barang))
 8 SYSTEMPATH\CodeIgniter.php(340): CodeIgniter\CodeIgniter->handleRequest(null, Object(Config\Cache), false)
 9 FCPATH\index.php(67): CodeIgniter\CodeIgniter->run()
10 SYSTEMPATH\Commands\Server\rewrite.php(43): require_once('FCPATH\\index.php')
CRITICAL - 2022-10-19 10:20:05 --> syntax error, unexpected token "<"
in APPPATH\Views\barang\formtambah.php on line 36.
 1 SYSTEMPATH\View\View.php(216): CodeIgniter\View\View->CodeIgniter\View\{closure}()
 2 SYSTEMPATH\Common.php(1142): CodeIgniter\View\View->render('barang/formtambah', [], true)
 3 APPPATH\Controllers\Barang.php(31): view('barang/formtambah', [...])
 4 SYSTEMPATH\CodeIgniter.php(907): App\Controllers\Barang->tambah()
 5 SYSTEMPATH\CodeIgniter.php(457): CodeIgniter\CodeIgniter->runController(Object(App\Controllers\Barang))
 6 SYSTEMPATH\CodeIgniter.php(340): CodeIgniter\CodeIgniter->handleRequest(null, Object(Config\Cache), false)
 7 FCPATH\index.php(67): CodeIgniter\CodeIgniter->run()
 8 SYSTEMPATH\Commands\Server\rewrite.php(43): require_once('FCPATH\\index.php')
CRITICAL - 2022-10-19 10:26:48 --> Undefined variable $kat
in APPPATH\Views\barang\formtambah.php on line 36.
 1 APPPATH\Views\barang\formtambah.php(36): CodeIgniter\Debug\Exceptions->errorHandler(2, 'Undefined variable $kat', 'APPPATH\\Views\\barang\\formtambah.php', 36)
 2 SYSTEMPATH\View\View.php(213): include('APPPATH\\Views\\barang\\formtambah.php')
 3 SYSTEMPATH\View\View.php(216): CodeIgniter\View\View->CodeIgniter\View\{closure}()
 4 SYSTEMPATH\Common.php(1142): CodeIgniter\View\View->render('barang/formtambah', [], true)
 5 APPPATH\Controllers\Barang.php(31): view('barang/formtambah', [...])
 6 SYSTEMPATH\CodeIgniter.php(907): App\Controllers\Barang->tambah()
 7 SYSTEMPATH\CodeIgniter.php(457): CodeIgniter\CodeIgniter->runController(Object(App\Controllers\Barang))
 8 SYSTEMPATH\CodeIgniter.php(340): CodeIgniter\CodeIgniter->handleRequest(null, Object(Config\Cache), false)
 9 FCPATH\index.php(67): CodeIgniter\CodeIgniter->run()
10 SYSTEMPATH\Commands\Server\rewrite.php(43): require_once('FCPATH\\index.php')
CRITICAL - 2022-10-19 10:28:13 --> Undefined variable $kat
in APPPATH\Views\barang\formtambah.php on line 36.
 1 APPPATH\Views\barang\formtambah.php(36): CodeIgniter\Debug\Exceptions->errorHandler(2, 'Undefined variable $kat', 'APPPATH\\Views\\barang\\formtambah.php', 36)
 2 SYSTEMPATH\View\View.php(213): include('APPPATH\\Views\\barang\\formtambah.php')
 3 SYSTEMPATH\View\View.php(216): CodeIgniter\View\View->CodeIgniter\View\{closure}()
 4 SYSTEMPATH\Common.php(1142): CodeIgniter\View\View->render('barang/formtambah', [], true)
 5 APPPATH\Controllers\Barang.php(31): view('barang/formtambah', [...])
 6 SYSTEMPATH\CodeIgniter.php(907): App\Controllers\Barang->tambah()
 7 SYSTEMPATH\CodeIgniter.php(457): CodeIgniter\CodeIgniter->runController(Object(App\Controllers\Barang))
 8 SYSTEMPATH\CodeIgniter.php(340): CodeIgniter\CodeIgniter->handleRequest(null, Object(Config\Cache), false)
 9 FCPATH\index.php(67): CodeIgniter\CodeIgniter->run()
10 SYSTEMPATH\Commands\Server\rewrite.php(43): require_once('FCPATH\\index.php')
CRITICAL - 2022-10-19 10:28:28 --> Undefined variable $kat
in APPPATH\Views\barang\formtambah.php on line 36.
 1 APPPATH\Views\barang\formtambah.php(36): CodeIgniter\Debug\Exceptions->errorHandler(2, 'Undefined variable $kat', 'APPPATH\\Views\\barang\\formtambah.php', 36)
 2 SYSTEMPATH\View\View.php(213): include('APPPATH\\Views\\barang\\formtambah.php')
 3 SYSTEMPATH\View\View.php(216): CodeIgniter\View\View->CodeIgniter\View\{closure}()
 4 SYSTEMPATH\Common.php(1142): CodeIgniter\View\View->render('barang/formtambah', [], true)
 5 APPPATH\Controllers\Barang.php(31): view('barang/formtambah', [...])
 6 SYSTEMPATH\CodeIgniter.php(907): App\Controllers\Barang->tambah()
 7 SYSTEMPATH\CodeIgniter.php(457): CodeIgniter\CodeIgniter->runController(Object(App\Controllers\Barang))
 8 SYSTEMPATH\CodeIgniter.php(340): CodeIgniter\CodeIgniter->handleRequest(null, Object(Config\Cache), false)
 9 FCPATH\index.php(67): CodeIgniter\CodeIgniter->run()
10 SYSTEMPATH\Commands\Server\rewrite.php(43): require_once('FCPATH\\index.php')
CRITICAL - 2022-10-19 10:28:29 --> Undefined variable $kat
in APPPATH\Views\barang\formtambah.php on line 36.
 1 APPPATH\Views\barang\formtambah.php(36): CodeIgniter\Debug\Exceptions->errorHandler(2, 'Undefined variable $kat', 'APPPATH\\Views\\barang\\formtambah.php', 36)
 2 SYSTEMPATH\View\View.php(213): include('APPPATH\\Views\\barang\\formtambah.php')
 3 SYSTEMPATH\View\View.php(216): CodeIgniter\View\View->CodeIgniter\View\{closure}()
 4 SYSTEMPATH\Common.php(1142): CodeIgniter\View\View->render('barang/formtambah', [], true)
 5 APPPATH\Controllers\Barang.php(31): view('barang/formtambah', [...])
 6 SYSTEMPATH\CodeIgniter.php(907): App\Controllers\Barang->tambah()
 7 SYSTEMPATH\CodeIgniter.php(457): CodeIgniter\CodeIgniter->runController(Object(App\Controllers\Barang))
 8 SYSTEMPATH\CodeIgniter.php(340): CodeIgniter\CodeIgniter->handleRequest(null, Object(Config\Cache), false)
 9 FCPATH\index.php(67): CodeIgniter\CodeIgniter->run()
10 SYSTEMPATH\Commands\Server\rewrite.php(43): require_once('FCPATH\\index.php')
CRITICAL - 2022-10-19 10:28:30 --> Undefined variable $kat
in APPPATH\Views\barang\formtambah.php on line 36.
 1 APPPATH\Views\barang\formtambah.php(36): CodeIgniter\Debug\Exceptions->errorHandler(2, 'Undefined variable $kat', 'APPPATH\\Views\\barang\\formtambah.php', 36)
 2 SYSTEMPATH\View\View.php(213): include('APPPATH\\Views\\barang\\formtambah.php')
 3 SYSTEMPATH\View\View.php(216): CodeIgniter\View\View->CodeIgniter\View\{closure}()
 4 SYSTEMPATH\Common.php(1142): CodeIgniter\View\View->render('barang/formtambah', [], true)
 5 APPPATH\Controllers\Barang.php(31): view('barang/formtambah', [...])
 6 SYSTEMPATH\CodeIgniter.php(907): App\Controllers\Barang->tambah()
 7 SYSTEMPATH\CodeIgniter.php(457): CodeIgniter\CodeIgniter->runController(Object(App\Controllers\Barang))
 8 SYSTEMPATH\CodeIgniter.php(340): CodeIgniter\CodeIgniter->handleRequest(null, Object(Config\Cache), false)
 9 FCPATH\index.php(67): CodeIgniter\CodeIgniter->run()
10 SYSTEMPATH\Commands\Server\rewrite.php(43): require_once('FCPATH\\index.php')
CRITICAL - 2022-10-19 10:28:31 --> Undefined variable $kat
in APPPATH\Views\barang\formtambah.php on line 36.
 1 APPPATH\Views\barang\formtambah.php(36): CodeIgniter\Debug\Exceptions->errorHandler(2, 'Undefined variable $kat', 'APPPATH\\Views\\barang\\formtambah.php', 36)
 2 SYSTEMPATH\View\View.php(213): include('APPPATH\\Views\\barang\\formtambah.php')
 3 SYSTEMPATH\View\View.php(216): CodeIgniter\View\View->CodeIgniter\View\{closure}()
 4 SYSTEMPATH\Common.php(1142): CodeIgniter\View\View->render('barang/formtambah', [], true)
 5 APPPATH\Controllers\Barang.php(31): view('barang/formtambah', [...])
 6 SYSTEMPATH\CodeIgniter.php(907): App\Controllers\Barang->tambah()
 7 SYSTEMPATH\CodeIgniter.php(457): CodeIgniter\CodeIgniter->runController(Object(App\Controllers\Barang))
 8 SYSTEMPATH\CodeIgniter.php(340): CodeIgniter\CodeIgniter->handleRequest(null, Object(Config\Cache), false)
 9 FCPATH\index.php(67): CodeIgniter\CodeIgniter->run()
10 SYSTEMPATH\Commands\Server\rewrite.php(43): require_once('FCPATH\\index.php')
CRITICAL - 2022-10-19 10:28:32 --> Undefined variable $kat
in APPPATH\Views\barang\formtambah.php on line 36.
 1 APPPATH\Views\barang\formtambah.php(36): CodeIgniter\Debug\Exceptions->errorHandler(2, 'Undefined variable $kat', 'APPPATH\\Views\\barang\\formtambah.php', 36)
 2 SYSTEMPATH\View\View.php(213): include('APPPATH\\Views\\barang\\formtambah.php')
 3 SYSTEMPATH\View\View.php(216): CodeIgniter\View\View->CodeIgniter\View\{closure}()
 4 SYSTEMPATH\Common.php(1142): CodeIgniter\View\View->render('barang/formtambah', [], true)
 5 APPPATH\Controllers\Barang.php(31): view('barang/formtambah', [...])
 6 SYSTEMPATH\CodeIgniter.php(907): App\Controllers\Barang->tambah()
 7 SYSTEMPATH\CodeIgniter.php(457): CodeIgniter\CodeIgniter->runController(Object(App\Controllers\Barang))
 8 SYSTEMPATH\CodeIgniter.php(340): CodeIgniter\CodeIgniter->handleRequest(null, Object(Config\Cache), false)
 9 FCPATH\index.php(67): CodeIgniter\CodeIgniter->run()
10 SYSTEMPATH\Commands\Server\rewrite.php(43): require_once('FCPATH\\index.php')
CRITICAL - 2022-10-19 10:29:15 --> Undefined variable $kat
in APPPATH\Views\barang\formtambah.php on line 36.
 1 APPPATH\Views\barang\formtambah.php(36): CodeIgniter\Debug\Exceptions->errorHandler(2, 'Undefined variable $kat', 'APPPATH\\Views\\barang\\formtambah.php', 36)
 2 SYSTEMPATH\View\View.php(213): include('APPPATH\\Views\\barang\\formtambah.php')
 3 SYSTEMPATH\View\View.php(216): CodeIgniter\View\View->CodeIgniter\View\{closure}()
 4 SYSTEMPATH\Common.php(1142): CodeIgniter\View\View->render('barang/formtambah', [], true)
 5 APPPATH\Controllers\Barang.php(31): view('barang/formtambah', [...])
 6 SYSTEMPATH\CodeIgniter.php(907): App\Controllers\Barang->tambah()
 7 SYSTEMPATH\CodeIgniter.php(457): CodeIgniter\CodeIgniter->runController(Object(App\Controllers\Barang))
 8 SYSTEMPATH\CodeIgniter.php(340): CodeIgniter\CodeIgniter->handleRequest(null, Object(Config\Cache), false)
 9 FCPATH\index.php(67): CodeIgniter\CodeIgniter->run()
10 SYSTEMPATH\Commands\Server\rewrite.php(43): require_once('FCPATH\\index.php')
CRITICAL - 2022-10-19 10:29:16 --> Undefined variable $kat
in APPPATH\Views\barang\formtambah.php on line 36.
 1 APPPATH\Views\barang\formtambah.php(36): CodeIgniter\Debug\Exceptions->errorHandler(2, 'Undefined variable $kat', 'APPPATH\\Views\\barang\\formtambah.php', 36)
 2 SYSTEMPATH\View\View.php(213): include('APPPATH\\Views\\barang\\formtambah.php')
 3 SYSTEMPATH\View\View.php(216): CodeIgniter\View\View->CodeIgniter\View\{closure}()
 4 SYSTEMPATH\Common.php(1142): CodeIgniter\View\View->render('barang/formtambah', [], true)
 5 APPPATH\Controllers\Barang.php(31): view('barang/formtambah', [...])
 6 SYSTEMPATH\CodeIgniter.php(907): App\Controllers\Barang->tambah()
 7 SYSTEMPATH\CodeIgniter.php(457): CodeIgniter\CodeIgniter->runController(Object(App\Controllers\Barang))
 8 SYSTEMPATH\CodeIgniter.php(340): CodeIgniter\CodeIgniter->handleRequest(null, Object(Config\Cache), false)
 9 FCPATH\index.php(67): CodeIgniter\CodeIgniter->run()
10 SYSTEMPATH\Commands\Server\rewrite.php(43): require_once('FCPATH\\index.php')
CRITICAL - 2022-10-19 10:29:17 --> Undefined variable $kat
in APPPATH\Views\barang\formtambah.php on line 36.
 1 APPPATH\Views\barang\formtambah.php(36): CodeIgniter\Debug\Exceptions->errorHandler(2, 'Undefined variable $kat', 'APPPATH\\Views\\barang\\formtambah.php', 36)
 2 SYSTEMPATH\View\View.php(213): include('APPPATH\\Views\\barang\\formtambah.php')
 3 SYSTEMPATH\View\View.php(216): CodeIgniter\View\View->CodeIgniter\View\{closure}()
 4 SYSTEMPATH\Common.php(1142): CodeIgniter\View\View->render('barang/formtambah', [], true)
 5 APPPATH\Controllers\Barang.php(31): view('barang/formtambah', [...])
 6 SYSTEMPATH\CodeIgniter.php(907): App\Controllers\Barang->tambah()
 7 SYSTEMPATH\CodeIgniter.php(457): CodeIgniter\CodeIgniter->runController(Object(App\Controllers\Barang))
 8 SYSTEMPATH\CodeIgniter.php(340): CodeIgniter\CodeIgniter->handleRequest(null, Object(Config\Cache), false)
 9 FCPATH\index.php(67): CodeIgniter\CodeIgniter->run()
10 SYSTEMPATH\Commands\Server\rewrite.php(43): require_once('FCPATH\\index.php')
CRITICAL - 2022-10-19 10:29:17 --> Undefined variable $kat
in APPPATH\Views\barang\formtambah.php on line 36.
 1 APPPATH\Views\barang\formtambah.php(36): CodeIgniter\Debug\Exceptions->errorHandler(2, 'Undefined variable $kat', 'APPPATH\\Views\\barang\\formtambah.php', 36)
 2 SYSTEMPATH\View\View.php(213): include('APPPATH\\Views\\barang\\formtambah.php')
 3 SYSTEMPATH\View\View.php(216): CodeIgniter\View\View->CodeIgniter\View\{closure}()
 4 SYSTEMPATH\Common.php(1142): CodeIgniter\View\View->render('barang/formtambah', [], true)
 5 APPPATH\Controllers\Barang.php(31): view('barang/formtambah', [...])
 6 SYSTEMPATH\CodeIgniter.php(907): App\Controllers\Barang->tambah()
 7 SYSTEMPATH\CodeIgniter.php(457): CodeIgniter\CodeIgniter->runController(Object(App\Controllers\Barang))
 8 SYSTEMPATH\CodeIgniter.php(340): CodeIgniter\CodeIgniter->handleRequest(null, Object(Config\Cache), false)
 9 FCPATH\index.php(67): CodeIgniter\CodeIgniter->run()
10 SYSTEMPATH\Commands\Server\rewrite.php(43): require_once('FCPATH\\index.php')
CRITICAL - 2022-10-19 10:29:41 --> Undefined variable $kat
in APPPATH\Views\barang\formtambah.php on line 36.
 1 APPPATH\Views\barang\formtambah.php(36): CodeIgniter\Debug\Exceptions->errorHandler(2, 'Undefined variable $kat', 'APPPATH\\Views\\barang\\formtambah.php', 36)
 2 SYSTEMPATH\View\View.php(213): include('APPPATH\\Views\\barang\\formtambah.php')
 3 SYSTEMPATH\View\View.php(216): CodeIgniter\View\View->CodeIgniter\View\{closure}()
 4 SYSTEMPATH\Common.php(1142): CodeIgniter\View\View->render('barang/formtambah', [], true)
 5 APPPATH\Controllers\Barang.php(31): view('barang/formtambah', [...])
 6 SYSTEMPATH\CodeIgniter.php(907): App\Controllers\Barang->tambah()
 7 SYSTEMPATH\CodeIgniter.php(457): CodeIgniter\CodeIgniter->runController(Object(App\Controllers\Barang))
 8 SYSTEMPATH\CodeIgniter.php(340): CodeIgniter\CodeIgniter->handleRequest(null, Object(Config\Cache), false)
 9 FCPATH\index.php(67): CodeIgniter\CodeIgniter->run()
10 SYSTEMPATH\Commands\Server\rewrite.php(43): require_once('FCPATH\\index.php')
CRITICAL - 2022-10-19 10:29:41 --> Undefined variable $kat
in APPPATH\Views\barang\formtambah.php on line 36.
 1 APPPATH\Views\barang\formtambah.php(36): CodeIgniter\Debug\Exceptions->errorHandler(2, 'Undefined variable $kat', 'APPPATH\\Views\\barang\\formtambah.php', 36)
 2 SYSTEMPATH\View\View.php(213): include('APPPATH\\Views\\barang\\formtambah.php')
 3 SYSTEMPATH\View\View.php(216): CodeIgniter\View\View->CodeIgniter\View\{closure}()
 4 SYSTEMPATH\Common.php(1142): CodeIgniter\View\View->render('barang/formtambah', [], true)
 5 APPPATH\Controllers\Barang.php(31): view('barang/formtambah', [...])
 6 SYSTEMPATH\CodeIgniter.php(907): App\Controllers\Barang->tambah()
 7 SYSTEMPATH\CodeIgniter.php(457): CodeIgniter\CodeIgniter->runController(Object(App\Controllers\Barang))
 8 SYSTEMPATH\CodeIgniter.php(340): CodeIgniter\CodeIgniter->handleRequest(null, Object(Config\Cache), false)
 9 FCPATH\index.php(67): CodeIgniter\CodeIgniter->run()
10 SYSTEMPATH\Commands\Server\rewrite.php(43): require_once('FCPATH\\index.php')
CRITICAL - 2022-10-19 10:50:52 --> Undefined variable $kat
in APPPATH\Views\barang\formtambah.php on line 36.
 1 APPPATH\Views\barang\formtambah.php(36): CodeIgniter\Debug\Exceptions->errorHandler(2, 'Undefined variable $kat', 'APPPATH\\Views\\barang\\formtambah.php', 36)
 2 SYSTEMPATH\View\View.php(213): include('APPPATH\\Views\\barang\\formtambah.php')
 3 SYSTEMPATH\View\View.php(216): CodeIgniter\View\View->CodeIgniter\View\{closure}()
 4 SYSTEMPATH\Common.php(1142): CodeIgniter\View\View->render('barang/formtambah', [], true)
 5 APPPATH\Controllers\Barang.php(31): view('barang/formtambah', [...])
 6 SYSTEMPATH\CodeIgniter.php(907): App\Controllers\Barang->tambah()
 7 SYSTEMPATH\CodeIgniter.php(457): CodeIgniter\CodeIgniter->runController(Object(App\Controllers\Barang))
 8 SYSTEMPATH\CodeIgniter.php(340): CodeIgniter\CodeIgniter->handleRequest(null, Object(Config\Cache), false)
 9 FCPATH\index.php(67): CodeIgniter\CodeIgniter->run()
10 SYSTEMPATH\Commands\Server\rewrite.php(43): require_once('FCPATH\\index.php')
CRITICAL - 2022-10-19 10:51:00 --> Undefined variable $kat
in APPPATH\Views\barang\formtambah.php on line 36.
 1 APPPATH\Views\barang\formtambah.php(36): CodeIgniter\Debug\Exceptions->errorHandler(2, 'Undefined variable $kat', 'APPPATH\\Views\\barang\\formtambah.php', 36)
 2 SYSTEMPATH\View\View.php(213): include('APPPATH\\Views\\barang\\formtambah.php')
 3 SYSTEMPATH\View\View.php(216): CodeIgniter\View\View->CodeIgniter\View\{closure}()
 4 SYSTEMPATH\Common.php(1142): CodeIgniter\View\View->render('barang/formtambah', [], true)
 5 APPPATH\Controllers\Barang.php(31): view('barang/formtambah', [...])
 6 SYSTEMPATH\CodeIgniter.php(907): App\Controllers\Barang->tambah()
 7 SYSTEMPATH\CodeIgniter.php(457): CodeIgniter\CodeIgniter->runController(Object(App\Controllers\Barang))
 8 SYSTEMPATH\CodeIgniter.php(340): CodeIgniter\CodeIgniter->handleRequest(null, Object(Config\Cache), false)
 9 FCPATH\index.php(67): CodeIgniter\CodeIgniter->run()
10 SYSTEMPATH\Commands\Server\rewrite.php(43): require_once('FCPATH\\index.php')
CRITICAL - 2022-10-19 10:55:42 --> Undefined variable $kat
in APPPATH\Views\barang\formtambah.php on line 36.
 1 APPPATH\Views\barang\formtambah.php(36): CodeIgniter\Debug\Exceptions->errorHandler(2, 'Undefined variable $kat', 'APPPATH\\Views\\barang\\formtambah.php', 36)
 2 SYSTEMPATH\View\View.php(213): include('APPPATH\\Views\\barang\\formtambah.php')
 3 SYSTEMPATH\View\View.php(216): CodeIgniter\View\View->CodeIgniter\View\{closure}()
 4 SYSTEMPATH\Common.php(1142): CodeIgniter\View\View->render('barang/formtambah', [], true)
 5 APPPATH\Controllers\Barang.php(31): view('barang/formtambah', [...])
 6 SYSTEMPATH\CodeIgniter.php(907): App\Controllers\Barang->tambah()
 7 SYSTEMPATH\CodeIgniter.php(457): CodeIgniter\CodeIgniter->runController(Object(App\Controllers\Barang))
 8 SYSTEMPATH\CodeIgniter.php(340): CodeIgniter\CodeIgniter->handleRequest(null, Object(Config\Cache), false)
 9 FCPATH\index.php(67): CodeIgniter\CodeIgniter->run()
10 SYSTEMPATH\Commands\Server\rewrite.php(43): require_once('FCPATH\\index.php')
CRITICAL - 2022-10-19 11:11:35 --> syntax error, unexpected end of file
in APPPATH\Views\barang\formtambah.php on line 45.
 1 SYSTEMPATH\View\View.php(216): CodeIgniter\View\View->CodeIgniter\View\{closure}()
 2 SYSTEMPATH\Common.php(1142): CodeIgniter\View\View->render('barang/formtambah', [], true)
 3 APPPATH\Controllers\Barang.php(31): view('barang/formtambah', [...])
 4 SYSTEMPATH\CodeIgniter.php(907): App\Controllers\Barang->tambah()
 5 SYSTEMPATH\CodeIgniter.php(457): CodeIgniter\CodeIgniter->runController(Object(App\Controllers\Barang))
 6 SYSTEMPATH\CodeIgniter.php(340): CodeIgniter\CodeIgniter->handleRequest(null, Object(Config\Cache), false)
 7 FCPATH\index.php(67): CodeIgniter\CodeIgniter->run()
 8 SYSTEMPATH\Commands\Server\rewrite.php(43): require_once('FCPATH\\index.php')
