CRITICAL - 2022-10-10 06:58:15 --> syntax error, unexpected identifier "button", expecting "," or ";"
in APPPATH\Views\kategori\viewkategori.php on line 9.
 1 SYSTEMPATH\View\View.php(216): CodeIgniter\View\View->CodeIgniter\View\{closure}()
 2 SYSTEMPATH\Common.php(1142): CodeIgniter\View\View->render('kategori/viewkategori', [], true)
 3 APPPATH\Controllers\Kategori.php(19): view('kategori/viewkategori', [...])
 4 SYSTEMPATH\CodeIgniter.php(907): App\Controllers\Kategori->index()
 5 SYSTEMPATH\CodeIgniter.php(457): CodeIgniter\CodeIgniter->runController(Object(App\Controllers\Kategori))
 6 SYSTEMPATH\CodeIgniter.php(340): CodeIgniter\CodeIgniter->handleRequest(null, Object(Config\Cache), false)
 7 FCPATH\index.php(67): CodeIgniter\CodeIgniter->run()
 8 SYSTEMPATH\Commands\Server\rewrite.php(43): require_once('FCPATH\\index.php')
CRITICAL - 2022-10-10 11:08:21 --> syntax error, unexpected token ";", expecting "]"
in APPPATH\Views\kategori\viewkategori.php on line 41.
 1 SYSTEMPATH\View\View.php(216): CodeIgniter\View\View->CodeIgniter\View\{closure}()
 2 SYSTEMPATH\Common.php(1142): CodeIgniter\View\View->render('kategori/viewkategori', [], true)
 3 APPPATH\Controllers\Kategori.php(19): view('kategori/viewkategori', [...])
 4 SYSTEMPATH\CodeIgniter.php(907): App\Controllers\Kategori->index()
 5 SYSTEMPATH\CodeIgniter.php(457): CodeIgniter\CodeIgniter->runController(Object(App\Controllers\Kategori))
 6 SYSTEMPATH\CodeIgniter.php(340): CodeIgniter\CodeIgniter->handleRequest(null, Object(Config\Cache), false)
 7 FCPATH\index.php(67): CodeIgniter\CodeIgniter->run()
 8 SYSTEMPATH\Commands\Server\rewrite.php(43): require_once('FCPATH\\index.php')
