ERROR - 2022-10-17 00:40:12 --> Error connecting to the database: mysqli_sql_exception: No connection could be made because the target machine actively refused it in C:\xampp\htdocs\projectweblan\vendor\codeigniter4\framework\system\Database\MySQLi\Connection.php:171
Stack trace:
#0 C:\xampp\htdocs\projectweblan\vendor\codeigniter4\framework\system\Database\MySQLi\Connection.php(171): mysqli->real_connect('localhost', 'root', '', 'dbgudang', 3306, '', 0)
#1 C:\xampp\htdocs\projectweblan\vendor\codeigniter4\framework\system\Database\BaseConnection.php(382): CodeIgniter\Database\MySQLi\Connection->connect(false)
#2 C:\xampp\htdocs\projectweblan\vendor\codeigniter4\framework\system\Database\BaseConnection.php(588): CodeIgniter\Database\BaseConnection->initialize()
#3 C:\xampp\htdocs\projectweblan\vendor\codeigniter4\framework\system\Database\BaseBuilder.php(1669): CodeIgniter\Database\BaseConnection->query('SELECT COUNT(*)...', Array, false)
#4 C:\xampp\htdocs\projectweblan\vendor\codeigniter4\framework\system\Model.php(551): CodeIgniter\Database\BaseBuilder->countAllResults(false)
#5 C:\xampp\htdocs\projectweblan\vendor\codeigniter4\framework\system\BaseModel.php(1085): CodeIgniter\Model->countAllResults(false)
#6 C:\xampp\htdocs\projectweblan\app\Controllers\Kategori.php(17): CodeIgniter\BaseModel->paginate(5, 'kategori')
#7 C:\xampp\htdocs\projectweblan\vendor\codeigniter4\framework\system\CodeIgniter.php(907): App\Controllers\Kategori->index()
#8 C:\xampp\htdocs\projectweblan\vendor\codeigniter4\framework\system\CodeIgniter.php(457): CodeIgniter\CodeIgniter->runController(Object(App\Controllers\Kategori))
#9 C:\xampp\htdocs\projectweblan\vendor\codeigniter4\framework\system\CodeIgniter.php(340): CodeIgniter\CodeIgniter->handleRequest(NULL, Object(Config\Cache), false)
#10 C:\xampp\htdocs\projectweblan\public\index.php(67): CodeIgniter\CodeIgniter->run()
#11 C:\xampp\htdocs\projectweblan\vendor\codeigniter4\framework\system\Commands\Server\rewrite.php(43): require_once('C:\\xampp\\htdocs...')
#12 {main}

Next CodeIgniter\Database\Exceptions\DatabaseException: No connection could be made because the target machine actively refused it in C:\xampp\htdocs\projectweblan\vendor\codeigniter4\framework\system\Database\MySQLi\Connection.php:215
Stack trace:
#0 C:\xampp\htdocs\projectweblan\vendor\codeigniter4\framework\system\Database\BaseConnection.php(382): CodeIgniter\Database\MySQLi\Connection->connect(false)
#1 C:\xampp\htdocs\projectweblan\vendor\codeigniter4\framework\system\Database\BaseConnection.php(588): CodeIgniter\Database\BaseConnection->initialize()
#2 C:\xampp\htdocs\projectweblan\vendor\codeigniter4\framework\system\Database\BaseBuilder.php(1669): CodeIgniter\Database\BaseConnection->query('SELECT COUNT(*)...', Array, false)
#3 C:\xampp\htdocs\projectweblan\vendor\codeigniter4\framework\system\Model.php(551): CodeIgniter\Database\BaseBuilder->countAllResults(false)
#4 C:\xampp\htdocs\projectweblan\vendor\codeigniter4\framework\system\BaseModel.php(1085): CodeIgniter\Model->countAllResults(false)
#5 C:\xampp\htdocs\projectweblan\app\Controllers\Kategori.php(17): CodeIgniter\BaseModel->paginate(5, 'kategori')
#6 C:\xampp\htdocs\projectweblan\vendor\codeigniter4\framework\system\CodeIgniter.php(907): App\Controllers\Kategori->index()
#7 C:\xampp\htdocs\projectweblan\vendor\codeigniter4\framework\system\CodeIgniter.php(457): CodeIgniter\CodeIgniter->runController(Object(App\Controllers\Kategori))
#8 C:\xampp\htdocs\projectweblan\vendor\codeigniter4\framework\system\CodeIgniter.php(340): CodeIgniter\CodeIgniter->handleRequest(NULL, Object(Config\Cache), false)
#9 C:\xampp\htdocs\projectweblan\public\index.php(67): CodeIgniter\CodeIgniter->run()
#10 C:\xampp\htdocs\projectweblan\vendor\codeigniter4\framework\system\Commands\Server\rewrite.php(43): require_once('C:\\xampp\\htdocs...')
#11 {main}
CRITICAL - 2022-10-17 00:40:12 --> Unable to connect to the database.
Main connection [MySQLi]: No connection could be made because the target machine actively refused it
in SYSTEMPATH\Database\BaseConnection.php on line 418.
 1 SYSTEMPATH\Database\BaseConnection.php(588): CodeIgniter\Database\BaseConnection->initialize()
 2 SYSTEMPATH\Database\BaseBuilder.php(1669): CodeIgniter\Database\BaseConnection->query('SELECT COUNT(*) AS `numrows`
FROM `kategori`', [], false)
 3 SYSTEMPATH\Model.php(551): CodeIgniter\Database\BaseBuilder->countAllResults(false)
 4 SYSTEMPATH\BaseModel.php(1085): CodeIgniter\Model->countAllResults(false)
 5 APPPATH\Controllers\Kategori.php(17): CodeIgniter\BaseModel->paginate(5, 'kategori')
 6 SYSTEMPATH\CodeIgniter.php(907): App\Controllers\Kategori->index()
 7 SYSTEMPATH\CodeIgniter.php(457): CodeIgniter\CodeIgniter->runController(Object(App\Controllers\Kategori))
 8 SYSTEMPATH\CodeIgniter.php(340): CodeIgniter\CodeIgniter->handleRequest(null, Object(Config\Cache), false)
 9 FCPATH\index.php(67): CodeIgniter\CodeIgniter->run()
10 SYSTEMPATH\Commands\Server\rewrite.php(43): require_once('FCPATH\\index.php')
CRITICAL - 2022-10-17 05:43:28 --> Call to a member function paginate() on array
in APPPATH\Controllers\Kategori.php on line 30.
 1 SYSTEMPATH\CodeIgniter.php(907): App\Controllers\Kategori->index()
 2 SYSTEMPATH\CodeIgniter.php(457): CodeIgniter\CodeIgniter->runController(Object(App\Controllers\Kategori))
 3 SYSTEMPATH\CodeIgniter.php(340): CodeIgniter\CodeIgniter->handleRequest(null, Object(Config\Cache), false)
 4 FCPATH\index.php(67): CodeIgniter\CodeIgniter->run()
 5 SYSTEMPATH\Commands\Server\rewrite.php(43): require_once('FCPATH\\index.php')
