CRITICAL - 2022-10-23 05:26:38 --> Undefined variable $session
in APPPATH\Views\barang\formtambah.php on line 17.
 1 APPPATH\Views\barang\formtambah.php(17): CodeIgniter\Debug\Exceptions->errorHandler(2, 'Undefined variable $session', 'APPPATH\\Views\\barang\\formtambah.php', 17)
 2 SYSTEMPATH\View\View.php(213): include('APPPATH\\Views\\barang\\formtambah.php')
 3 SYSTEMPATH\View\View.php(216): CodeIgniter\View\View->CodeIgniter\View\{closure}()
 4 SYSTEMPATH\Common.php(1142): CodeIgniter\View\View->render('barang/formtambah', [], true)
 5 APPPATH\Controllers\Barang.php(31): view('barang/formtambah', [...])
 6 SYSTEMPATH\CodeIgniter.php(907): App\Controllers\Barang->tambah()
 7 SYSTEMPATH\CodeIgniter.php(457): CodeIgniter\CodeIgniter->runController(Object(App\Controllers\Barang))
 8 SYSTEMPATH\CodeIgniter.php(340): CodeIgniter\CodeIgniter->handleRequest(null, Object(Config\Cache), false)
 9 FCPATH\index.php(67): CodeIgniter\CodeIgniter->run()
10 SYSTEMPATH\Commands\Server\rewrite.php(43): require_once('FCPATH\\index.php')
CRITICAL - 2022-10-23 05:29:05 --> Array to string conversion
in APPPATH\Views\barang\formtambah.php on line 17.
 1 APPPATH\Views\barang\formtambah.php(17): CodeIgniter\Debug\Exceptions->errorHandler(2, 'Array to string conversion', 'APPPATH\\Views\\barang\\formtambah.php', 17)
 2 SYSTEMPATH\View\View.php(213): include('APPPATH\\Views\\barang\\formtambah.php')
 3 SYSTEMPATH\View\View.php(216): CodeIgniter\View\View->CodeIgniter\View\{closure}()
 4 SYSTEMPATH\Common.php(1142): CodeIgniter\View\View->render('barang/formtambah', [], true)
 5 APPPATH\Controllers\Barang.php(31): view('barang/formtambah', [...])
 6 SYSTEMPATH\CodeIgniter.php(907): App\Controllers\Barang->tambah()
 7 SYSTEMPATH\CodeIgniter.php(457): CodeIgniter\CodeIgniter->runController(Object(App\Controllers\Barang))
 8 SYSTEMPATH\CodeIgniter.php(340): CodeIgniter\CodeIgniter->handleRequest(null, Object(Config\Cache), false)
 9 FCPATH\index.php(67): CodeIgniter\CodeIgniter->run()
10 SYSTEMPATH\Commands\Server\rewrite.php(43): require_once('FCPATH\\index.php')
CRITICAL - 2022-10-23 05:29:06 --> Array to string conversion
in APPPATH\Views\barang\formtambah.php on line 17.
 1 APPPATH\Views\barang\formtambah.php(17): CodeIgniter\Debug\Exceptions->errorHandler(2, 'Array to string conversion', 'APPPATH\\Views\\barang\\formtambah.php', 17)
 2 SYSTEMPATH\View\View.php(213): include('APPPATH\\Views\\barang\\formtambah.php')
 3 SYSTEMPATH\View\View.php(216): CodeIgniter\View\View->CodeIgniter\View\{closure}()
 4 SYSTEMPATH\Common.php(1142): CodeIgniter\View\View->render('barang/formtambah', [], true)
 5 APPPATH\Controllers\Barang.php(31): view('barang/formtambah', [...])
 6 SYSTEMPATH\CodeIgniter.php(907): App\Controllers\Barang->tambah()
 7 SYSTEMPATH\CodeIgniter.php(457): CodeIgniter\CodeIgniter->runController(Object(App\Controllers\Barang))
 8 SYSTEMPATH\CodeIgniter.php(340): CodeIgniter\CodeIgniter->handleRequest(null, Object(Config\Cache), false)
 9 FCPATH\index.php(67): CodeIgniter\CodeIgniter->run()
10 SYSTEMPATH\Commands\Server\rewrite.php(43): require_once('FCPATH\\index.php')
CRITICAL - 2022-10-23 05:29:06 --> Array to string conversion
in APPPATH\Views\barang\formtambah.php on line 17.
 1 APPPATH\Views\barang\formtambah.php(17): CodeIgniter\Debug\Exceptions->errorHandler(2, 'Array to string conversion', 'APPPATH\\Views\\barang\\formtambah.php', 17)
 2 SYSTEMPATH\View\View.php(213): include('APPPATH\\Views\\barang\\formtambah.php')
 3 SYSTEMPATH\View\View.php(216): CodeIgniter\View\View->CodeIgniter\View\{closure}()
 4 SYSTEMPATH\Common.php(1142): CodeIgniter\View\View->render('barang/formtambah', [], true)
 5 APPPATH\Controllers\Barang.php(31): view('barang/formtambah', [...])
 6 SYSTEMPATH\CodeIgniter.php(907): App\Controllers\Barang->tambah()
 7 SYSTEMPATH\CodeIgniter.php(457): CodeIgniter\CodeIgniter->runController(Object(App\Controllers\Barang))
 8 SYSTEMPATH\CodeIgniter.php(340): CodeIgniter\CodeIgniter->handleRequest(null, Object(Config\Cache), false)
 9 FCPATH\index.php(67): CodeIgniter\CodeIgniter->run()
10 SYSTEMPATH\Commands\Server\rewrite.php(43): require_once('FCPATH\\index.php')
CRITICAL - 2022-10-23 05:29:06 --> Array to string conversion
in APPPATH\Views\barang\formtambah.php on line 17.
 1 APPPATH\Views\barang\formtambah.php(17): CodeIgniter\Debug\Exceptions->errorHandler(2, 'Array to string conversion', 'APPPATH\\Views\\barang\\formtambah.php', 17)
 2 SYSTEMPATH\View\View.php(213): include('APPPATH\\Views\\barang\\formtambah.php')
 3 SYSTEMPATH\View\View.php(216): CodeIgniter\View\View->CodeIgniter\View\{closure}()
 4 SYSTEMPATH\Common.php(1142): CodeIgniter\View\View->render('barang/formtambah', [], true)
 5 APPPATH\Controllers\Barang.php(31): view('barang/formtambah', [...])
 6 SYSTEMPATH\CodeIgniter.php(907): App\Controllers\Barang->tambah()
 7 SYSTEMPATH\CodeIgniter.php(457): CodeIgniter\CodeIgniter->runController(Object(App\Controllers\Barang))
 8 SYSTEMPATH\CodeIgniter.php(340): CodeIgniter\CodeIgniter->handleRequest(null, Object(Config\Cache), false)
 9 FCPATH\index.php(67): CodeIgniter\CodeIgniter->run()
10 SYSTEMPATH\Commands\Server\rewrite.php(43): require_once('FCPATH\\index.php')
CRITICAL - 2022-10-23 05:29:07 --> Array to string conversion
in APPPATH\Views\barang\formtambah.php on line 17.
 1 APPPATH\Views\barang\formtambah.php(17): CodeIgniter\Debug\Exceptions->errorHandler(2, 'Array to string conversion', 'APPPATH\\Views\\barang\\formtambah.php', 17)
 2 SYSTEMPATH\View\View.php(213): include('APPPATH\\Views\\barang\\formtambah.php')
 3 SYSTEMPATH\View\View.php(216): CodeIgniter\View\View->CodeIgniter\View\{closure}()
 4 SYSTEMPATH\Common.php(1142): CodeIgniter\View\View->render('barang/formtambah', [], true)
 5 APPPATH\Controllers\Barang.php(31): view('barang/formtambah', [...])
 6 SYSTEMPATH\CodeIgniter.php(907): App\Controllers\Barang->tambah()
 7 SYSTEMPATH\CodeIgniter.php(457): CodeIgniter\CodeIgniter->runController(Object(App\Controllers\Barang))
 8 SYSTEMPATH\CodeIgniter.php(340): CodeIgniter\CodeIgniter->handleRequest(null, Object(Config\Cache), false)
 9 FCPATH\index.php(67): CodeIgniter\CodeIgniter->run()
10 SYSTEMPATH\Commands\Server\rewrite.php(43): require_once('FCPATH\\index.php')
CRITICAL - 2022-10-23 05:29:07 --> Array to string conversion
in APPPATH\Views\barang\formtambah.php on line 17.
 1 APPPATH\Views\barang\formtambah.php(17): CodeIgniter\Debug\Exceptions->errorHandler(2, 'Array to string conversion', 'APPPATH\\Views\\barang\\formtambah.php', 17)
 2 SYSTEMPATH\View\View.php(213): include('APPPATH\\Views\\barang\\formtambah.php')
 3 SYSTEMPATH\View\View.php(216): CodeIgniter\View\View->CodeIgniter\View\{closure}()
 4 SYSTEMPATH\Common.php(1142): CodeIgniter\View\View->render('barang/formtambah', [], true)
 5 APPPATH\Controllers\Barang.php(31): view('barang/formtambah', [...])
 6 SYSTEMPATH\CodeIgniter.php(907): App\Controllers\Barang->tambah()
 7 SYSTEMPATH\CodeIgniter.php(457): CodeIgniter\CodeIgniter->runController(Object(App\Controllers\Barang))
 8 SYSTEMPATH\CodeIgniter.php(340): CodeIgniter\CodeIgniter->handleRequest(null, Object(Config\Cache), false)
 9 FCPATH\index.php(67): CodeIgniter\CodeIgniter->run()
10 SYSTEMPATH\Commands\Server\rewrite.php(43): require_once('FCPATH\\index.php')
CRITICAL - 2022-10-23 05:29:08 --> Array to string conversion
in APPPATH\Views\barang\formtambah.php on line 17.
 1 APPPATH\Views\barang\formtambah.php(17): CodeIgniter\Debug\Exceptions->errorHandler(2, 'Array to string conversion', 'APPPATH\\Views\\barang\\formtambah.php', 17)
 2 SYSTEMPATH\View\View.php(213): include('APPPATH\\Views\\barang\\formtambah.php')
 3 SYSTEMPATH\View\View.php(216): CodeIgniter\View\View->CodeIgniter\View\{closure}()
 4 SYSTEMPATH\Common.php(1142): CodeIgniter\View\View->render('barang/formtambah', [], true)
 5 APPPATH\Controllers\Barang.php(31): view('barang/formtambah', [...])
 6 SYSTEMPATH\CodeIgniter.php(907): App\Controllers\Barang->tambah()
 7 SYSTEMPATH\CodeIgniter.php(457): CodeIgniter\CodeIgniter->runController(Object(App\Controllers\Barang))
 8 SYSTEMPATH\CodeIgniter.php(340): CodeIgniter\CodeIgniter->handleRequest(null, Object(Config\Cache), false)
 9 FCPATH\index.php(67): CodeIgniter\CodeIgniter->run()
10 SYSTEMPATH\Commands\Server\rewrite.php(43): require_once('FCPATH\\index.php')
CRITICAL - 2022-10-23 05:29:08 --> Array to string conversion
in APPPATH\Views\barang\formtambah.php on line 17.
 1 APPPATH\Views\barang\formtambah.php(17): CodeIgniter\Debug\Exceptions->errorHandler(2, 'Array to string conversion', 'APPPATH\\Views\\barang\\formtambah.php', 17)
 2 SYSTEMPATH\View\View.php(213): include('APPPATH\\Views\\barang\\formtambah.php')
 3 SYSTEMPATH\View\View.php(216): CodeIgniter\View\View->CodeIgniter\View\{closure}()
 4 SYSTEMPATH\Common.php(1142): CodeIgniter\View\View->render('barang/formtambah', [], true)
 5 APPPATH\Controllers\Barang.php(31): view('barang/formtambah', [...])
 6 SYSTEMPATH\CodeIgniter.php(907): App\Controllers\Barang->tambah()
 7 SYSTEMPATH\CodeIgniter.php(457): CodeIgniter\CodeIgniter->runController(Object(App\Controllers\Barang))
 8 SYSTEMPATH\CodeIgniter.php(340): CodeIgniter\CodeIgniter->handleRequest(null, Object(Config\Cache), false)
 9 FCPATH\index.php(67): CodeIgniter\CodeIgniter->run()
10 SYSTEMPATH\Commands\Server\rewrite.php(43): require_once('FCPATH\\index.php')
CRITICAL - 2022-10-23 05:29:08 --> Array to string conversion
in APPPATH\Views\barang\formtambah.php on line 17.
 1 APPPATH\Views\barang\formtambah.php(17): CodeIgniter\Debug\Exceptions->errorHandler(2, 'Array to string conversion', 'APPPATH\\Views\\barang\\formtambah.php', 17)
 2 SYSTEMPATH\View\View.php(213): include('APPPATH\\Views\\barang\\formtambah.php')
 3 SYSTEMPATH\View\View.php(216): CodeIgniter\View\View->CodeIgniter\View\{closure}()
 4 SYSTEMPATH\Common.php(1142): CodeIgniter\View\View->render('barang/formtambah', [], true)
 5 APPPATH\Controllers\Barang.php(31): view('barang/formtambah', [...])
 6 SYSTEMPATH\CodeIgniter.php(907): App\Controllers\Barang->tambah()
 7 SYSTEMPATH\CodeIgniter.php(457): CodeIgniter\CodeIgniter->runController(Object(App\Controllers\Barang))
 8 SYSTEMPATH\CodeIgniter.php(340): CodeIgniter\CodeIgniter->handleRequest(null, Object(Config\Cache), false)
 9 FCPATH\index.php(67): CodeIgniter\CodeIgniter->run()
10 SYSTEMPATH\Commands\Server\rewrite.php(43): require_once('FCPATH\\index.php')
CRITICAL - 2022-10-23 05:29:46 --> Array to string conversion
in APPPATH\Views\barang\formtambah.php on line 17.
 1 APPPATH\Views\barang\formtambah.php(17): CodeIgniter\Debug\Exceptions->errorHandler(2, 'Array to string conversion', 'APPPATH\\Views\\barang\\formtambah.php', 17)
 2 SYSTEMPATH\View\View.php(213): include('APPPATH\\Views\\barang\\formtambah.php')
 3 SYSTEMPATH\View\View.php(216): CodeIgniter\View\View->CodeIgniter\View\{closure}()
 4 SYSTEMPATH\Common.php(1142): CodeIgniter\View\View->render('barang/formtambah', [], true)
 5 APPPATH\Controllers\Barang.php(31): view('barang/formtambah', [...])
 6 SYSTEMPATH\CodeIgniter.php(907): App\Controllers\Barang->tambah()
 7 SYSTEMPATH\CodeIgniter.php(457): CodeIgniter\CodeIgniter->runController(Object(App\Controllers\Barang))
 8 SYSTEMPATH\CodeIgniter.php(340): CodeIgniter\CodeIgniter->handleRequest(null, Object(Config\Cache), false)
 9 FCPATH\index.php(67): CodeIgniter\CodeIgniter->run()
10 SYSTEMPATH\Commands\Server\rewrite.php(43): require_once('FCPATH\\index.php')
CRITICAL - 2022-10-23 05:29:46 --> Array to string conversion
in APPPATH\Views\barang\formtambah.php on line 17.
 1 APPPATH\Views\barang\formtambah.php(17): CodeIgniter\Debug\Exceptions->errorHandler(2, 'Array to string conversion', 'APPPATH\\Views\\barang\\formtambah.php', 17)
 2 SYSTEMPATH\View\View.php(213): include('APPPATH\\Views\\barang\\formtambah.php')
 3 SYSTEMPATH\View\View.php(216): CodeIgniter\View\View->CodeIgniter\View\{closure}()
 4 SYSTEMPATH\Common.php(1142): CodeIgniter\View\View->render('barang/formtambah', [], true)
 5 APPPATH\Controllers\Barang.php(31): view('barang/formtambah', [...])
 6 SYSTEMPATH\CodeIgniter.php(907): App\Controllers\Barang->tambah()
 7 SYSTEMPATH\CodeIgniter.php(457): CodeIgniter\CodeIgniter->runController(Object(App\Controllers\Barang))
 8 SYSTEMPATH\CodeIgniter.php(340): CodeIgniter\CodeIgniter->handleRequest(null, Object(Config\Cache), false)
 9 FCPATH\index.php(67): CodeIgniter\CodeIgniter->run()
10 SYSTEMPATH\Commands\Server\rewrite.php(43): require_once('FCPATH\\index.php')
CRITICAL - 2022-10-23 05:29:48 --> Array to string conversion
in APPPATH\Views\barang\formtambah.php on line 17.
 1 APPPATH\Views\barang\formtambah.php(17): CodeIgniter\Debug\Exceptions->errorHandler(2, 'Array to string conversion', 'APPPATH\\Views\\barang\\formtambah.php', 17)
 2 SYSTEMPATH\View\View.php(213): include('APPPATH\\Views\\barang\\formtambah.php')
 3 SYSTEMPATH\View\View.php(216): CodeIgniter\View\View->CodeIgniter\View\{closure}()
 4 SYSTEMPATH\Common.php(1142): CodeIgniter\View\View->render('barang/formtambah', [], true)
 5 APPPATH\Controllers\Barang.php(31): view('barang/formtambah', [...])
 6 SYSTEMPATH\CodeIgniter.php(907): App\Controllers\Barang->tambah()
 7 SYSTEMPATH\CodeIgniter.php(457): CodeIgniter\CodeIgniter->runController(Object(App\Controllers\Barang))
 8 SYSTEMPATH\CodeIgniter.php(340): CodeIgniter\CodeIgniter->handleRequest(null, Object(Config\Cache), false)
 9 FCPATH\index.php(67): CodeIgniter\CodeIgniter->run()
10 SYSTEMPATH\Commands\Server\rewrite.php(43): require_once('FCPATH\\index.php')
CRITICAL - 2022-10-23 08:53:51 --> Array to string conversion
in APPPATH\Views\barang\formtambah.php on line 17.
 1 APPPATH\Views\barang\formtambah.php(17): CodeIgniter\Debug\Exceptions->errorHandler(2, 'Array to string conversion', 'APPPATH\\Views\\barang\\formtambah.php', 17)
 2 SYSTEMPATH\View\View.php(213): include('APPPATH\\Views\\barang\\formtambah.php')
 3 SYSTEMPATH\View\View.php(216): CodeIgniter\View\View->CodeIgniter\View\{closure}()
 4 SYSTEMPATH\Common.php(1142): CodeIgniter\View\View->render('barang/formtambah', [], true)
 5 APPPATH\Controllers\Barang.php(31): view('barang/formtambah', [...])
 6 SYSTEMPATH\CodeIgniter.php(907): App\Controllers\Barang->tambah()
 7 SYSTEMPATH\CodeIgniter.php(457): CodeIgniter\CodeIgniter->runController(Object(App\Controllers\Barang))
 8 SYSTEMPATH\CodeIgniter.php(340): CodeIgniter\CodeIgniter->handleRequest(null, Object(Config\Cache), false)
 9 FCPATH\index.php(67): CodeIgniter\CodeIgniter->run()
10 SYSTEMPATH\Commands\Server\rewrite.php(43): require_once('FCPATH\\index.php')
